
Export: Release 11.2.0.3.0 - Production on Mon Oct 13 19:04:00 2014

Copyright (c) 1982, 2011, Oracle and/or its affiliates.  All rights reserved.

UDE-12162: operation generated ORACLE error 12162
ORA-12162: TNS:net service name is incorrectly specified


Export: Release 11.2.0.3.0 - Production on Mon Oct 13 19:04:37 2014

Copyright (c) 1982, 2011, Oracle and/or its affiliates.  All rights reserved.

Connected to: Oracle Database 11g Enterprise Edition Release 11.2.0.3.0 - 64bit Production
With the Partitioning, Real Application Clusters, Automatic Storage Management, OLAP,
Data Mining and Real Application Testing options
Starting "SYS"."SYS_EXPORT_SCHEMA_02":  "/******** AS SYSDBA" directory=EXPDP_DIR dumpfile=expdp_WCADMINDB_20141013.dmp logfile=expdp_WCADMINDB_20141013.log schemas=WCADMINDB 
Estimate in progress using BLOCKS method...
Processing object type SCHEMA_EXPORT/TABLE/TABLE_DATA
Total estimation using BLOCKS method: 74.34 GB
Processing object type SCHEMA_EXPORT/USER
Processing object type SCHEMA_EXPORT/SYSTEM_GRANT
Processing object type SCHEMA_EXPORT/ROLE_GRANT
Processing object type SCHEMA_EXPORT/DEFAULT_ROLE
Processing object type SCHEMA_EXPORT/PRE_SCHEMA/PROCACT_SCHEMA
Processing object type SCHEMA_EXPORT/TYPE/TYPE_SPEC
Processing object type SCHEMA_EXPORT/SEQUENCE/SEQUENCE
Processing object type SCHEMA_EXPORT/TABLE/TABLE
Processing object type SCHEMA_EXPORT/TABLE/GRANT/OWNER_GRANT/OBJECT_GRANT
Processing object type SCHEMA_EXPORT/TABLE/COMMENT
Processing object type SCHEMA_EXPORT/PACKAGE/PACKAGE_SPEC
Processing object type SCHEMA_EXPORT/PROCEDURE/PROCEDURE
Processing object type SCHEMA_EXPORT/PACKAGE/COMPILE_PACKAGE/PACKAGE_SPEC/ALTER_PACKAGE_SPEC
Processing object type SCHEMA_EXPORT/PROCEDURE/ALTER_PROCEDURE
Processing object type SCHEMA_EXPORT/TABLE/INDEX/INDEX
Processing object type SCHEMA_EXPORT/TABLE/INDEX/FUNCTIONAL_INDEX/INDEX
Processing object type SCHEMA_EXPORT/TABLE/CONSTRAINT/CONSTRAINT
Processing object type SCHEMA_EXPORT/TABLE/INDEX/STATISTICS/INDEX_STATISTICS
Processing object type SCHEMA_EXPORT/TABLE/INDEX/STATISTICS/FUNCTIONAL_INDEX/INDEX_STATISTICS
Processing object type SCHEMA_EXPORT/VIEW/VIEW
Processing object type SCHEMA_EXPORT/VIEW/GRANT/OWNER_GRANT/OBJECT_GRANT
Processing object type SCHEMA_EXPORT/PACKAGE/PACKAGE_BODY
Processing object type SCHEMA_EXPORT/TABLE/CONSTRAINT/REF_CONSTRAINT
Processing object type SCHEMA_EXPORT/TABLE/TRIGGER
Processing object type SCHEMA_EXPORT/VIEW/TRIGGER
Processing object type SCHEMA_EXPORT/TABLE/STATISTICS/TABLE_STATISTICS
Processing object type SCHEMA_EXPORT/TABLE/POST_TABLE_ACTION
Processing object type SCHEMA_EXPORT/TABLE/MATERIALIZED_VIEW_LOG
Processing object type SCHEMA_EXPORT/JOB
. . exported "WCADMINDB"."SAMPLEDMETHODCONTEXTS"         13.94 GB 9825712 rows
. . exported "WCADMINDB"."SAMPLEDSERVLETREQUESTS"        5.461 GB 3256649 rows
. . exported "WCADMINDB"."AUDITRECORD_HIST"              5.999 GB 7314133 rows
. . exported "WCADMINDB"."TOPSQLSTATS"                   3.106 GB 1744899 rows
. . exported "WCADMINDB"."SERVLETREQUESTS"               2.380 GB 1605371 rows
. . exported "WCADMINDB"."AUDITRECORD"                   2.626 GB 3064878 rows
. . exported "WCADMINDB"."RAWSERVLETREQUESTSTATS"        2.426 GB 15429183 rows
. . exported "WCADMINDB"."LOG4JAVASCRIPTEVENTS"          1.888 GB 2871624 rows
. . exported "WCADMINDB"."RAWMETHODCONTEXTSTATS"         1.778 GB 11111992 rows
. . exported "WCADMINDB"."STRINGVALUE"                   1.702 GB 11240345 rows
. . exported "WCADMINDB"."DOWNLOADEVENTINFO"             1.671 GB 9597134 rows
. . exported "WCADMINDB"."WFINTERNALMETHOD"              1014. MB  458112 rows
. . exported "WCADMINDB"."WFEXPRESSIONROBOT"             1.049 GB  723193 rows
. . exported "WCADMINDB"."METHODCONTEXTS"                1.057 GB 2525942 rows
. . exported "WCADMINDB"."APPLICATIONDATA"               1.069 GB 4174353 rows
. . exported "WCADMINDB"."WFASSIGNMENTEVENTAUDIT"        954.4 MB 2572440 rows
. . exported "WCADMINDB"."WFPROCESS"                     776.6 MB  476699 rows
. . exported "WCADMINDB"."MISCLOGEVENTS"                 602.7 MB  217428 rows
. . exported "WCADMINDB"."WFINTERNALMETHODTEMPLATE"      460.9 MB  135703 rows
. . exported "WCADMINDB"."STREAMDATA"                    643.9 MB    2489 rows
. . exported "WCADMINDB"."HOLDERTOCONTENT"               534.3 MB 4174353 rows
. . exported "WCADMINDB"."QUEUEENTRY"                    140.8 MB   28038 rows
. . exported "WCADMINDB"."WFASSIGNMENT"                  390.5 MB  344606 rows
. . exported "WCADMINDB"."WTDOCUMENT"                    416.0 MB  769275 rows
. . exported "WCADMINDB"."WTDOCUMENT_BKP"                399.0 MB  739244 rows
. . exported "WCADMINDB"."WFCONNECTOR"                   375.0 MB 1656159 rows
. . exported "WCADMINDB"."WORKITEM"                      360.3 MB  815197 rows
. . exported "WCADMINDB"."TIMESTAMPVALUE"                339.4 MB 2210411 rows
. . exported "WCADMINDB"."PUBLISHINGSUMMARY"             326.8 MB 1078426 rows
. . exported "WCADMINDB"."MLOG$_STRINGVALUE"             201.3 MB 7448336 rows
. . exported "WCADMINDB"."SEARCHHISTORY"                 106.6 MB   28225 rows
. . exported "WCADMINDB"."WFASSIGNEDACTIVITY"            224.1 MB  213902 rows
. . exported "WCADMINDB"."POLICYACL"                     183.1 MB   91944 rows
. . exported "WCADMINDB"."VAULTCLEANUPAUDITLOGS"         254.8 MB      42 rows
. . exported "WCADMINDB"."LIFECYCLEHISTORY"              214.2 MB 1550441 rows
. . exported "WCADMINDB"."MLOG$_WTDOCUMENT"              172.8 MB 5091594 rows
. . exported "WCADMINDB"."DERIVEDIMAGE"                  192.0 MB  658257 rows
. . exported "WCADMINDB"."OBJECTHISTORY"                 190.8 MB 1531535 rows
. . exported "WCADMINDB"."FVITEM"                        186.0 MB 2113036 rows
. . exported "WCADMINDB"."WFDATAEVENTAUDIT"              105.5 MB   62056 rows
. . exported "WCADMINDB"."QUEUEENTRY_BAK"                109.1 MB   49915 rows
. . exported "WCADMINDB"."WFEXCEPTIONEVENTAUDIT"         100.6 MB   49312 rows
. . exported "WCADMINDB"."WORKITEMLINK"                  111.0 MB  815167 rows
. . exported "WCADMINDB"."WFASSIGNEDACTIVITYTEMPLATE"    99.69 MB   82604 rows
. . exported "WCADMINDB"."NODETEMPLATELINK"              100.6 MB  402383 rows
. . exported "WCADMINDB"."USERSESSIONEVENTINFO"          85.53 MB  537692 rows
. . exported "WCADMINDB"."WTDOCUMENTDEPENDENCYLINK"      73.99 MB  620333 rows
. . exported "WCADMINDB"."WFBLOCK"                       66.56 MB  164806 rows
. . exported "WCADMINDB"."PROCESSSTEPTEMPLATELINK"       61.51 MB  238109 rows
. . exported "WCADMINDB"."WFEXPRESSION"                  63.36 MB   60975 rows
. . exported "WCADMINDB"."WTACLENTRY"                    60.87 MB  484035 rows
. . exported "WCADMINDB"."WFREQUESTERACTIVITY"           54.18 MB  165450 rows
. . exported "WCADMINDB"."TASKEVENTDATA"                 41.16 MB   21307 rows
. . exported "WCADMINDB"."ACTIVITYASSIGNMENTLINK"        53.41 MB  344614 rows
. . exported "WCADMINDB"."MLOG$_TIMESTAMPVALUE"          40.03 MB 1535512 rows
. . exported "WCADMINDB"."METHODCONTEXTSTATS"            46.80 MB  288777 rows
. . exported "WCADMINDB"."MSHEALTHSTATS"                 43.07 MB  294348 rows
. . exported "WCADMINDB"."TEAM"                          39.18 MB  193703 rows
. . exported "WCADMINDB"."WFEXPRROBOTTEMPLATE"           31.96 MB   14940 rows
. . exported "WCADMINDB"."SERVLETREQUESTSTATS"           38.34 MB  406349 rows
. . exported "WCADMINDB"."WTDOCUMENTMASTER"              35.94 MB  171095 rows
. . exported "WCADMINDB"."SERVLETSESSIONSTATS"           32.95 MB  406350 rows
. . exported "WCADMINDB"."BOOLEANVALUE"                  31.97 MB  218530 rows
. . exported "WCADMINDB"."RECENTUPDATE"                  30.45 MB  142532 rows
. . exported "WCADMINDB"."CONTROLBRANCH"                 28.82 MB  232789 rows
. . exported "WCADMINDB"."ITERFOLDERMEMBERLINK"          28.60 MB  232719 rows
. . exported "WCADMINDB"."JMXNOTIFICATIONS"              23.61 MB   35330 rows
. . exported "WCADMINDB"."PHASE"                         24.96 MB  193185 rows
. . exported "WCADMINDB"."WTDOCUMENTMASTERKEY"           26.87 MB  171095 rows
. . exported "WCADMINDB"."ITERATEDCURRENTPHASELINK"      24.20 MB  193179 rows
. . exported "WCADMINDB"."WFVOTINGEVENTAUDIT"            22.85 MB   65431 rows
. . exported "WCADMINDB"."INDEXSTATUS"                   20.22 MB  231135 rows
. . exported "WCADMINDB"."SAVEDQUERY"                    6.717 MB     597 rows
. . exported "WCADMINDB"."WFBALLOT"                      16.27 MB   62476 rows
. . exported "WCADMINDB"."IDENTITYCHANGEHISTORY"         18.43 MB  110569 rows
. . exported "WCADMINDB"."SMHEALTHSTATS"                 18.37 MB  127963 rows
. . exported "WCADMINDB"."LOCATIONCHANGERECORD"          16.50 MB   92175 rows
. . exported "WCADMINDB"."ROLEPRINCIPALMAP"              16.72 MB  176066 rows
. . exported "WCADMINDB"."WFCONNECTORTEMPLATE"           13.59 MB   86516 rows
. . exported "WCADMINDB"."WFBLOCKTEMPLATE"               10.49 MB    4818 rows
. . exported "WCADMINDB"."MLOG$_WTDOCUMENTDEPENDENCY"    9.009 MB  345994 rows
. . exported "WCADMINDB"."LWCPROPERTYVALUE"              10.40 MB   45953 rows
. . exported "WCADMINDB"."WTDOCUMENTMASTER_BAK"          10.89 MB   50709 rows
. . exported "WCADMINDB"."WFPROCESSTEMPLATE"             8.081 MB    4057 rows
. . exported "WCADMINDB"."TASKEVENTMESSAGE"              7.656 MB   18979 rows
. . exported "WCADMINDB"."COLLECTORCACHE"                1.219 MB     234 rows
. . exported "WCADMINDB"."CMOBJPROPS7"                   8.133 MB     151 rows
. . exported "WCADMINDB"."BALLOTS"                       8.176 MB   62476 rows
. . exported "WCADMINDB"."MLOG$_WTDOCUMENTMASTER"        6.485 MB  239883 rows
. . exported "WCADMINDB"."LWCLOCALIZABLEPROPERTYVALUE"   6.854 MB   19081 rows
. . exported "WCADMINDB"."MLOG$_WTDOCUMENTMASTERKEY"     5.121 MB  195624 rows
. . exported "WCADMINDB"."TABLEVIEWDESCRIPTOR"           5.140 MB    4621 rows
. . exported "WCADMINDB"."PAGERESULTS"                   13.85 KB       0 rows
. . exported "WCADMINDB"."SCHEDULEQUEUEENTRY"            1.511 MB    1493 rows
. . exported "WCADMINDB"."REPORTTEMPLATE"                1.749 MB     290 rows
. . exported "WCADMINDB"."TYPEBASEDRULE"                 918.4 KB     207 rows
. . exported "WCADMINDB"."METHODSERVERINFO"              4.587 MB    6311 rows
. . exported "WCADMINDB"."PREFERENCEINSTANCE"            3.415 MB   15146 rows
. . exported "WCADMINDB"."TASKEVENT"                     3.590 MB   21307 rows
. . exported "WCADMINDB"."RECORDEDOBJECTHISTORY"         909.8 KB      99 rows
. . exported "WCADMINDB"."PHASETEMPLATE"                 2.463 MB    5007 rows
. . exported "WCADMINDB"."DEFAULTWTCONTAINERTEMPLATE"    2.624 MB      31 rows
. . exported "WCADMINDB"."SUBFOLDER"                     2.825 MB   12643 rows
. . exported "WCADMINDB"."PHASESUCCESSION"               3.005 MB   21580 rows
. . exported "WCADMINDB"."WTPART"                        2.352 MB    5589 rows
. . exported "WCADMINDB"."LWCGROUPMEMBERSHIP"            2.143 MB    9456 rows
. . exported "WCADMINDB"."NOTIFICATIONLIST"              2.319 MB   12301 rows
. . exported "WCADMINDB"."NOTIFYSUBSCRIPTIONTARGET"      1.868 MB   10404 rows
. . exported "WCADMINDB"."WTTYPEDEFINITION"              1.694 MB    2776 rows
. . exported "WCADMINDB"."ACCESSPOLICYRULE"              1.421 MB    2606 rows
. . exported "WCADMINDB"."DEFERREDEVENTNOTIFICATION"     1.157 MB     576 rows
. . exported "WCADMINDB"."NOTIFICATIONSUBSCRIPTION"      1.190 MB    4410 rows
. . exported "WCADMINDB"."WTPARTUSAGELINK"               1.087 MB    6099 rows
. . exported "WCADMINDB"."ACTIVEVIEWLINK"                1.038 MB    5327 rows
. . exported "WCADMINDB"."INDEXPOLICYLIST"               933.9 KB    6310 rows
. . exported "WCADMINDB"."MADEFROMLINK"                  867.2 KB    7326 rows
. . exported "WCADMINDB"."NOTEBOOKFOLDER"                1.298 MB    5998 rows
. . exported "WCADMINDB"."NOTIFYSUBSCRIPTIONRECIPIENT"   1.284 MB    8694 rows
. . exported "WCADMINDB"."PARTUSESOCCURRENCE"            1.123 MB    6099 rows
. . exported "WCADMINDB"."SUBFOLDERLINK"                 1.441 MB   12643 rows
. . exported "WCADMINDB"."SUBFOLDERLINKCONSTRAINT"       1.593 MB   12643 rows
. . exported "WCADMINDB"."UIACCESS"                      1.203 MB    9340 rows
. . exported "WCADMINDB"."WTPARTMASTER"                  1017. KB    4845 rows
. . exported "WCADMINDB"."CSRFEVENTINFO"                 364.9 KB     618 rows
. . exported "WCADMINDB"."WTPARTMASTERKEY"               701.8 KB    4845 rows
. . exported "WCADMINDB"."WTPARTREFERENCELINK"           10.04 KB       1 rows
. . exported "WCADMINDB"."WTUSER"                        733.7 KB    3531 rows
. . exported "WCADMINDB"."WTUSER_BKP"                    722.5 KB    3472 rows
. . exported "WCADMINDB"."CABINET"                       679.1 KB    3565 rows
. . exported "WCADMINDB"."LWCBASICCONSTRAINT"            702.1 KB    2317 rows
. . exported "WCADMINDB"."PHASELINK"                     670.7 KB    5006 rows
. . exported "WCADMINDB"."REMOTEOBJECTID"                671.9 KB    4480 rows
. . exported "WCADMINDB"."CMOBJPROPS30"                  251.5 KB      64 rows
. . exported "WCADMINDB"."INTEGERVALUE"                  643.1 KB    4296 rows
. . exported "WCADMINDB"."DISCUSSIONTOPIC"               602.9 KB    2207 rows
. . exported "WCADMINDB"."PREFERENCEDEFINITION"          601.3 KB    1032 rows
. . exported "WCADMINDB"."ADHOCACLSPEC"                  450.8 KB    3458 rows
. . exported "WCADMINDB"."DISCUSSIONFORUM"               529.1 KB    2178 rows
. . exported "WCADMINDB"."LWCENUMERATIONENTRYLINK"       547.3 KB    2744 rows
. . exported "WCADMINDB"."LWCHARDATTDEFINITION"          523.8 KB    2527 rows
. . exported "WCADMINDB"."OWNINGREPOSITORYLOCALOBJECT"   541.4 KB    4472 rows
. . exported "WCADMINDB"."SERVERMANAGERINFO"             502.5 KB     856 rows
. . exported "WCADMINDB"."OWNINGREPOSITORY_BKP"          483.1 KB    3989 rows
. . exported "WCADMINDB"."REMOTEOBJECTINFO"              465.7 KB    4480 rows
. . exported "WCADMINDB"."ADHOCACLLINK"                  448.5 KB    3458 rows
. . exported "WCADMINDB"."LWCIBAATTDEFINITION"           423.6 KB    1675 rows
. . exported "WCADMINDB"."MEMBERSHIPLINK"                429.8 KB    4092 rows
. . exported "WCADMINDB"."NOTEBOOK"                      435.2 KB    1797 rows
. . exported "WCADMINDB"."REMOTEOBJECTINFO_BKP"          415.0 KB    3994 rows
. . exported "WCADMINDB"."REMOTEOBJECTNFO_BKP"           415.0 KB    3994 rows
. . exported "WCADMINDB"."CMCLASSES"                     260.9 KB     177 rows
. . exported "WCADMINDB"."RMIPERFDATA"                   9.953 KB       4 rows
. . exported "WCADMINDB"."CMOBJNAMES_BASE"               334.4 KB    8494 rows
. . exported "WCADMINDB"."ITERATEDFORUMSUBJECTLINK"      333.5 KB    2167 rows
. . exported "WCADMINDB"."WTGROUP"                       287.9 KB    1558 rows
. . exported "WCADMINDB"."CMOBJPROPS52"                  72.21 KB     346 rows
. . exported "WCADMINDB"."LIFECYCLETEMPLATE"             294.6 KB     755 rows
. . exported "WCADMINDB"."LOGICALIDENTIFIERMAPENTRY"     283.9 KB    1288 rows
. . exported "WCADMINDB"."LWCATTRIBUTEDEFAULTVALUE"      201.2 KB     787 rows
. . exported "WCADMINDB"."LWCENUMERATIONENTRY"           248.8 KB    2688 rows
. . exported "WCADMINDB"."NOTEBOOKSUBJECTLINK"           265.7 KB    1756 rows
. . exported "WCADMINDB"."CMOBJPROPS14"                  15.45 KB     116 rows
. . exported "WCADMINDB"."CMOBJPROPS3_BASE"              215.7 KB    2646 rows
. . exported "WCADMINDB"."CRITERION"                     217.4 KB    2233 rows
. . exported "WCADMINDB"."PERSISTEDCOLLECTIONFROZENLINK"  163.1 KB     900 rows
. . exported "WCADMINDB"."PERSISTEDCOLLECTIONLIVELINK"   163.4 KB     912 rows
. . exported "WCADMINDB"."ADMINISTRATIVEDOMAIN"          134.7 KB     711 rows
. . exported "WCADMINDB"."CHECKOUTLINK"                  129.1 KB    1058 rows
. . exported "WCADMINDB"."CLIENTTAB"                     168.8 KB     932 rows
. . exported "WCADMINDB"."DISCUSSIONPOSTING"             180.4 KB     400 rows
. . exported "WCADMINDB"."FORUMSUBJECTLINK"              156.4 KB     971 rows
. . exported "WCADMINDB"."LWCSTATICGROUPDEFINITION"      155.1 KB     575 rows
. . exported "WCADMINDB"."PREFERENCECATEGORYDEFINITION"  192.8 KB    1128 rows
. . exported "WCADMINDB"."PREFERENCECLIENTDEFINITION"    159.8 KB    1005 rows
. . exported "WCADMINDB"."RELATIONSHIPMAPDEF"            62.28 KB       5 rows
. . exported "WCADMINDB"."STRINGDEFINITION"              150.2 KB     625 rows
. . exported "WCADMINDB"."SYS_IMPORT_FULL_01"            132.9 KB     388 rows
. . exported "WCADMINDB"."CMOBJPROPS18"                  15.89 KB      45 rows
. . exported "WCADMINDB"."CMOBJPROPS26"                  82.39 KB     106 rows
. . exported "WCADMINDB"."CMOBJPROPS66"                  19.75 KB      43 rows
. . exported "WCADMINDB"."CMPOLICIES"                    48.71 KB     823 rows
. . exported "WCADMINDB"."COMPOSITEINDEXSTRUCTUREHASH"   133.8 KB    1415 rows
. . exported "WCADMINDB"."DELIVERYRECORD"                40.46 KB      10 rows
. . exported "WCADMINDB"."EPMDOCCONFIGSPEC"              24.70 KB       3 rows
. . exported "WCADMINDB"."FILTEREDDYNAMICENUMSET"        14.37 KB       2 rows
. . exported "WCADMINDB"."HISTORYXML"                    44.42 KB      31 rows
. . exported "WCADMINDB"."INPUTVALUE"                    66.42 KB     118 rows
. . exported "WCADMINDB"."LWCENUMERATIONBASEDCONSTRAINT"  132.9 KB     354 rows
. . exported "WCADMINDB"."LWCFILTERBASEDCONSTRAINT"      113.9 KB     313 rows
. . exported "WCADMINDB"."LWCTYPEDEFINITION"             130.9 KB     543 rows
. . exported "WCADMINDB"."REPORTCRITERIA"                81.28 KB      30 rows
. . exported "WCADMINDB"."SITESECURITY"                  9.203 KB       1 rows
. . exported "WCADMINDB"."WFPROXYTEMPLATE"               89.42 KB      52 rows
. . exported "WCADMINDB"."WFSYNCHROBOT"                  55.53 KB      23 rows
. . exported "WCADMINDB"."WFSYNCHROBOTTEMPLATE"          66.32 KB      31 rows
. . exported "WCADMINDB"."WORKPACKAGE"                   37.78 KB      12 rows
. . exported "WCADMINDB"."WTCALENDAR"                    131.1 KB     858 rows
. . exported "WCADMINDB"."WTCHANGEACTIVITY2"             33.06 KB       1 rows
. . exported "WCADMINDB"."WTCHANGEISSUE"                 39.36 KB       1 rows
. . exported "WCADMINDB"."WTCHANGEORDER2"                33.77 KB       1 rows
. . exported "WCADMINDB"."WTCHANGEREQUEST2"              40.22 KB       1 rows
. . exported "WCADMINDB"."WTTYPEDEFINITIONMASTER"        135.7 KB     503 rows
. . exported "WCADMINDB"."ATTRCRITERIONDEF"              29.61 KB      10 rows
. . exported "WCADMINDB"."AUDITREPORTSPEC"               27.78 KB       1 rows
. . exported "WCADMINDB"."BOOKMARK"                      20.21 KB      10 rows
. . exported "WCADMINDB"."CMCAKEYS"                      7.960 KB       4 rows
. . exported "WCADMINDB"."CMCAPROPS"                     5.914 KB       1 rows
. . exported "WCADMINDB"."CMCRYPTOKEYS"                  6.273 KB       5 rows
. . exported "WCADMINDB"."CMOBJECTS"                     44.73 KB     823 rows
. . exported "WCADMINDB"."CMOBJPROPS16"                  8.757 KB      14 rows
. . exported "WCADMINDB"."CMOBJPROPS37"                  5.882 KB      67 rows
. . exported "WCADMINDB"."CMOBJPROPS44"                  5.492 KB       3 rows
. . exported "WCADMINDB"."CMOBJPROPS55"                  16.22 KB     748 rows
. . exported "WCADMINDB"."CMOBJPROPS58"                  19.61 KB       4 rows
. . exported "WCADMINDB"."CMOBJPROPS59"                  6.007 KB       2 rows
. . exported "WCADMINDB"."CMPROPERTIES"                  24.57 KB      40 rows
. . exported "WCADMINDB"."CMSYSPROPS"                    5.929 KB       2 rows
. . exported "WCADMINDB"."COLLECTIONCRITERIA"            24.71 KB      15 rows
. . exported "WCADMINDB"."CONTAINERTEAM"                 20.94 KB      13 rows
. . exported "WCADMINDB"."COUNTERPARTCONTENT"            12.31 KB       4 rows
. . exported "WCADMINDB"."CRITERIONLINK"                 74.83 KB     536 rows
. . exported "WCADMINDB"."DISCRETEACTIONITEM"            38.59 KB       1 rows
. . exported "WCADMINDB"."DISCUSSIONFORUMTEMPLATE"       20.33 KB      14 rows
. . exported "WCADMINDB"."EPMDOCUMENT"                   60.96 KB      22 rows
. . exported "WCADMINDB"."EPMOCCURRENCETABLE"            9.429 KB      22 rows
. . exported "WCADMINDB"."EPMWORKSPACE"                  22.46 KB       3 rows
. . exported "WCADMINDB"."EXCHANGECONTAINER"             27.37 KB       1 rows
. . exported "WCADMINDB"."EXPORTRECORD"                  17.65 KB      10 rows
. . exported "WCADMINDB"."FILTERCRITERIONDEF"            18.95 KB       2 rows
. . exported "WCADMINDB"."FOLDERMEMBERLINK"              48.32 KB     311 rows
. . exported "WCADMINDB"."IMPORTEDBOOKMARK"              31.17 KB      17 rows
. . exported "WCADMINDB"."INSTANCEBASEDRULE"             17.00 KB       5 rows
. . exported "WCADMINDB"."LWCDATATYPEDEFINITION"         14.10 KB      13 rows
. . exported "WCADMINDB"."LWCLAYOUTDEFINITION"           71.41 KB     366 rows
. . exported "WCADMINDB"."LWCLAYOUTSCREENLINK"           54.57 KB     259 rows
. . exported "WCADMINDB"."LWCNONPERSISTEDATTDEFINITION"  65.50 KB     259 rows
. . exported "WCADMINDB"."LWCPROPERTYDEFINITION"         61.91 KB     227 rows
. . exported "WCADMINDB"."MEASUREMENTSYSTEM"             12.07 KB       4 rows
. . exported "WCADMINDB"."MLOG$_WTTYPEDEFINITION"        67.82 KB    1946 rows
. . exported "WCADMINDB"."NETWORKLINK"                   19.69 KB       1 rows
. . exported "WCADMINDB"."NOTEBOOKTEMPLATE"              22.69 KB      14 rows
. . exported "WCADMINDB"."OBJTYPECRITERIONDEF"           18.19 KB       1 rows
. . exported "WCADMINDB"."ORGCONTAINER"                  28.46 KB       1 rows
. . exported "WCADMINDB"."OUTOFDATEREPRESENTATIONLINK"   58.78 KB     345 rows
. . exported "WCADMINDB"."PDMLINKPRODUCT"                39.96 KB       8 rows
. . exported "WCADMINDB"."PERSISTEDCOLLECTION"           18.89 KB      22 rows
. . exported "WCADMINDB"."PERSISTEDCOLLECTIONRECIPE"     11.17 KB      22 rows
. . exported "WCADMINDB"."PERSISTEDPROPERTY"             9.093 KB       2 rows
. . exported "WCADMINDB"."PLUGINCATEGORY"                24.89 KB      16 rows
. . exported "WCADMINDB"."PREFERENCECATEGORY"            44.78 KB     140 rows
. . exported "WCADMINDB"."PRIMITIVEARG"                  11.62 KB      12 rows
. . exported "WCADMINDB"."PROJECT2"                      45.39 KB       5 rows
. . exported "WCADMINDB"."QUANTITYOFMEASURE"             29.81 KB      52 rows
. . exported "WCADMINDB"."RELATIONSHIPDEF"               19.00 KB       1 rows
. . exported "WCADMINDB"."REPORT"                        73.67 KB     182 rows
. . exported "WCADMINDB"."SERIESTEMPLATE"                14.89 KB       1 rows
. . exported "WCADMINDB"."TABLESTRUCTUREHASH"            72.45 KB     851 rows
. . exported "WCADMINDB"."TEAMTEMPLATE"                  19.06 KB      20 rows
. . exported "WCADMINDB"."TIMESTAMPDEFINITION"           64.17 KB     221 rows
. . exported "WCADMINDB"."TRADITIONALMEETING"            21.36 KB       1 rows
. . exported "WCADMINDB"."UNITDEFINITION"                22.43 KB      21 rows
. . exported "WCADMINDB"."WFBOOKMARK"                    44.17 KB      49 rows
. . exported "WCADMINDB"."WFPROCESSTEMPLATEMASTER"       75.36 KB     448 rows
. . exported "WCADMINDB"."WFTIMERACTIVITY"               24.86 KB       2 rows
. . exported "WCADMINDB"."WFTIMERTEMPLATE"               22.15 KB       2 rows
. . exported "WCADMINDB"."WORKPACKAGEMASTERKEY"          12.91 KB      12 rows
. . exported "WCADMINDB"."WTDOCUMENTCONFIGSPEC"          21.60 KB      22 rows
. . exported "WCADMINDB"."WTORGANIZATION"                14.35 KB       1 rows
. . exported "WCADMINDB"."ABSCOLLECTIONCRITERIAKEY"      13.45 KB      16 rows
. . exported "WCADMINDB"."ADDRESSEDBY2"                  9.218 KB       1 rows
. . exported "WCADMINDB"."AFFECTEDACTIVITYDATA"          12.72 KB       4 rows
. . exported "WCADMINDB"."ATTRCRITERIONDEFMASTER"        12.40 KB      10 rows
. . exported "WCADMINDB"."ATTRIBUTEORGANIZER"            17.39 KB      38 rows
. . exported "WCADMINDB"."BASECRITERIONDEFMASTERKEY"     11.49 KB      19 rows
. . exported "WCADMINDB"."BOOLEANDEFINITION"             18.66 KB      26 rows
. . exported "WCADMINDB"."CALENDARCOMPONENT"             22.77 KB     144 rows
. . exported "WCADMINDB"."CHANGEKEY"                     11.48 KB       4 rows
. . exported "WCADMINDB"."CMCAPACITY"                    6.031 KB       3 rows
. . exported "WCADMINDB"."CMDATAUPGRADE"                 6.210 KB       8 rows
. . exported "WCADMINDB"."CMGUIDS_BASE"                  5.468 KB       1 rows
. . exported "WCADMINDB"."CMLOCALES"                     7.539 KB     103 rows
. . exported "WCADMINDB"."CMOBJPROPS1"                   16.84 KB      63 rows
. . exported "WCADMINDB"."CMOBJPROPS10"                  9.218 KB     430 rows
. . exported "WCADMINDB"."CMOBJPROPS15"                   7.75 KB       3 rows
. . exported "WCADMINDB"."CMOBJPROPS17"                  12.36 KB      76 rows
. . exported "WCADMINDB"."CMOBJPROPS2"                   15.85 KB       2 rows
. . exported "WCADMINDB"."CMOBJPROPS20"                  9.132 KB      45 rows
. . exported "WCADMINDB"."CMOBJPROPS23"                  7.335 KB       3 rows
. . exported "WCADMINDB"."CMOBJPROPS31"                  23.82 KB      13 rows
. . exported "WCADMINDB"."CMOBJPROPS33"                  6.257 KB      35 rows
. . exported "WCADMINDB"."CMOBJPROPS36"                  5.515 KB       1 rows
. . exported "WCADMINDB"."CMOBJPROPS38"                  6.898 KB       1 rows
. . exported "WCADMINDB"."CMOBJPROPS39"                  5.984 KB       3 rows
. . exported "WCADMINDB"."CMOBJPROPS4"                   6.414 KB       7 rows
. . exported "WCADMINDB"."CMOBJPROPS48"                  15.14 KB       7 rows
. . exported "WCADMINDB"."CMOBJPROPS51"                  7.640 KB      90 rows
. . exported "WCADMINDB"."CMOBJPROPS54"                  6.320 KB      35 rows
. . exported "WCADMINDB"."CMOBJPROPS6"                   9.054 KB       7 rows
. . exported "WCADMINDB"."CMOBJPROPS62"                  6.187 KB      34 rows
. . exported "WCADMINDB"."CMOBJPROPS67"                  19.75 KB       7 rows
. . exported "WCADMINDB"."CMREFNOORD1"                   6.898 KB      65 rows
. . exported "WCADMINDB"."CMREFNOORD2"                   10.87 KB     495 rows
. . exported "WCADMINDB"."CMREFORD1"                     8.421 KB     124 rows
. . exported "WCADMINDB"."CMSTOREIDS"                    39.10 KB     823 rows
. . exported "WCADMINDB"."CMVIEWED"                      14.56 KB     748 rows
. . exported "WCADMINDB"."COLLECTIONCRITERIACOPYLINK"    9.265 KB       1 rows
. . exported "WCADMINDB"."COLLECTIONCRITERIAMASTER"      13.12 KB      16 rows
. . exported "WCADMINDB"."COMPONENTLINK"                 27.42 KB     144 rows
. . exported "WCADMINDB"."CONTAINERFILTERLINK"           11.04 KB       9 rows
. . exported "WCADMINDB"."COUNTERPARTDELTA"              11.28 KB       1 rows
. . exported "WCADMINDB"."CREATORSLINK"                  10.39 KB       3 rows
. . exported "WCADMINDB"."CRITERIONDEFVALIDWITH"         38.25 KB     178 rows
. . exported "WCADMINDB"."CRITERIONHISTORY"              9.484 KB       3 rows
. . exported "WCADMINDB"."CRITERIONOBJECT"               21.77 KB      77 rows
. . exported "WCADMINDB"."DATAFORMAT"                    43.05 KB      74 rows
. . exported "WCADMINDB"."DEFAULTCRITERION"              10.32 KB      10 rows
. . exported "WCADMINDB"."ELECTRONICSIGNATURE"           11.27 KB      19 rows
. . exported "WCADMINDB"."EPMAUTHORINGAPPVERSION"        21.88 KB     160 rows
. . exported "WCADMINDB"."EPMCADNAMESPACE"               12.17 KB      22 rows
. . exported "WCADMINDB"."EPMCHECKPOINT"                 16.38 KB       3 rows
. . exported "WCADMINDB"."EPMCHECKPOINTMASTER"           8.148 KB       4 rows
. . exported "WCADMINDB"."EPMDOCUMENTMASTER"             25.14 KB      22 rows
. . exported "WCADMINDB"."EPMDOCUMENTMASTERKEY"          14.53 KB      22 rows
. . exported "WCADMINDB"."EPMUPDATECOUNTER"              8.984 KB       3 rows
. . exported "WCADMINDB"."EPMWORKSPACEKEY"               9.070 KB       3 rows
. . exported "WCADMINDB"."EPPLAN"                        31.00 KB       5 rows
. . exported "WCADMINDB"."FILTERCRITERIONDEFMASTER"      10.05 KB       2 rows
. . exported "WCADMINDB"."FLOATDEFINITION"               13.28 KB       2 rows
. . exported "WCADMINDB"."FVFOLDER"                      21.85 KB      45 rows
. . exported "WCADMINDB"."FVHOST"                        10.88 KB       1 rows
. . exported "WCADMINDB"."FVMOUNT"                       19.39 KB      48 rows
. . exported "WCADMINDB"."FVVAULT"                       14.04 KB       1 rows
. . exported "WCADMINDB"."HISTORYRECORD"                 15.57 KB      38 rows
. . exported "WCADMINDB"."HISTORYRECORDLINK"             11.21 KB      12 rows
. . exported "WCADMINDB"."HISTORYXMLLINK"                15.46 KB      38 rows
. . exported "WCADMINDB"."INCLUDEDIN2"                   9.218 KB       1 rows
. . exported "WCADMINDB"."INDEXPOLICYRULE"               11.73 KB       1 rows
. . exported "WCADMINDB"."INTEGERDEFINITION"             16.27 KB      14 rows
. . exported "WCADMINDB"."ITERATEDNOTEBOOKSUBJECTLINK"   11.76 KB      18 rows
. . exported "WCADMINDB"."LICENSECOUNTHISTORY"           10.04 KB       1 rows
. . exported "WCADMINDB"."LIFECYCLETEMPLATEMASTER"       42.11 KB     182 rows
. . exported "WCADMINDB"."LWCATTDEPENDENCYLINK"          15.75 KB      37 rows
. . exported "WCADMINDB"."LWCATTRIBUTESETATTDEFINITION"  14.51 KB      12 rows
. . exported "WCADMINDB"."LWCCONSTRAINTCONDITIONLINK"     9.25 KB       1 rows
. . exported "WCADMINDB"."LWCCONSTRAINTRULEDEFINITION"   45.92 KB     120 rows
. . exported "WCADMINDB"."LWCDYNAMICGROUPDEFINITION"     12.33 KB       4 rows
. . exported "WCADMINDB"."LWCDYNAMICLOGICALATTDEFINITION"  12.13 KB       5 rows
. . exported "WCADMINDB"."LWCENUMERATIONDEFINITION"      13.25 KB      12 rows
. . exported "WCADMINDB"."LWCGROUPDISPLAYSTYLE"          9.820 KB       2 rows
. . exported "WCADMINDB"."LWCLOGICALATTDEFINITION"       28.20 KB      85 rows
. . exported "WCADMINDB"."LWCMASTERENUMERATIONDEFINITION"  40.38 KB     124 rows
. . exported "WCADMINDB"."LWCORGANIZER"                     15 KB      23 rows
. . exported "WCADMINDB"."LWCSCREENDEFINITION"           15.96 KB      27 rows
. . exported "WCADMINDB"."MEETINGPARTICIPANTLINK"        9.218 KB       1 rows
. . exported "WCADMINDB"."MLOG$_INTEGERDEFINITION"       7.054 KB       1 rows
. . exported "WCADMINDB"."MLOG$_INTEGERVALUE"            7.625 KB      24 rows
. . exported "WCADMINDB"."MLOG$_LWCIBAATTDEFINITION"     29.90 KB     842 rows
. . exported "WCADMINDB"."MLOG$_STRINGDEFINITION"        10.72 KB     135 rows
. . exported "WCADMINDB"."MLOG$_TIMESTAMPDEFINITION"     8.476 KB      53 rows
. . exported "WCADMINDB"."NAVCRITERIACONFIGSPECLINK"     12.90 KB      23 rows
. . exported "WCADMINDB"."NAVFILTERDESIGNATIONLINK"      11.28 KB       1 rows
. . exported "WCADMINDB"."NAVIGATIONCRITERIA"            14.46 KB      23 rows
. . exported "WCADMINDB"."NAVIGATIONFILTERTEMPLATE"      11.89 KB       1 rows
. . exported "WCADMINDB"."NC_CONFIGURATION"              5.757 KB       6 rows
. . exported "WCADMINDB"."NC_CTMAP"                      12.59 KB      46 rows
. . exported "WCADMINDB"."NC_DB_VERSION"                 5.453 KB       1 rows
. . exported "WCADMINDB"."NC_METRICS"                    7.570 KB      28 rows
. . exported "WCADMINDB"."NC_OBJECTID"                   5.039 KB       1 rows
. . exported "WCADMINDB"."NC_PERMISSION"                 5.507 KB       5 rows
. . exported "WCADMINDB"."NC_SDS_INSTANCE"               6.351 KB       1 rows
. . exported "WCADMINDB"."OBJTYPECRITERIONDEFMASTER"     9.796 KB       1 rows
. . exported "WCADMINDB"."OPTIONEXCLUSIONREFERENCE"      7.937 KB       1 rows
. . exported "WCADMINDB"."PAGINGSESSION"                 8.632 KB       0 rows
. . exported "WCADMINDB"."PERDESTINATIONOUTBOX"          7.921 KB       1 rows
. . exported "WCADMINDB"."PERSISTANTARG"                 10.01 KB       1 rows
. . exported "WCADMINDB"."PERSISTEDCOLLECTIONCLONELINK"  10.90 KB      10 rows
. . exported "WCADMINDB"."PLANACTIVITY"                  38.67 KB      21 rows
. . exported "WCADMINDB"."PLANDELIVERABLE"               20.28 KB      13 rows
. . exported "WCADMINDB"."PLANDELIVERABLELINK"           10.71 KB       8 rows
. . exported "WCADMINDB"."PLANRESOURCE"                  20.07 KB      12 rows
. . exported "WCADMINDB"."POSTINGATTACHMENTLINK"         11.22 KB      13 rows
. . exported "WCADMINDB"."PQSTATS"                       16.13 KB      34 rows
. . exported "WCADMINDB"."PREFERENCECLIENT"              15.35 KB      34 rows
. . exported "WCADMINDB"."PROCESSINGQUEUE"               22.79 KB      33 rows
. . exported "WCADMINDB"."PROCESSINGQUEUE_BKP"           22.70 KB      33 rows
. . exported "WCADMINDB"."QUEUELOCK"                     9.828 KB      43 rows
. . exported "WCADMINDB"."RECORDEDHISTORY"               20.45 KB      49 rows
. . exported "WCADMINDB"."REFERENCEDEFINITION"           13.51 KB       1 rows
. . exported "WCADMINDB"."RELATIONSHIPDEFMASTER"         9.828 KB       1 rows
. . exported "WCADMINDB"."RELATIONSHIPMAP"               21.42 KB      13 rows
. . exported "WCADMINDB"."RELATIONSHIPMAPDEFMASTER"      11.35 KB       5 rows
. . exported "WCADMINDB"."RELEVANTREQUESTDATA2"          10.89 KB       4 rows
. . exported "WCADMINDB"."REPLICAFOLDER"                 14.26 KB       3 rows
. . exported "WCADMINDB"."REPLICAVAULT"                  14.98 KB       1 rows
. . exported "WCADMINDB"."REPORTEDAGAINST"               11.28 KB       4 rows
. . exported "WCADMINDB"."REPORTTEMPLATEVIEWLINK"        9.406 KB       2 rows
. . exported "WCADMINDB"."REPOSITORY"                    9.445 KB       3 rows
. . exported "WCADMINDB"."REPOSITORY_BKP"                9.445 KB       3 rows
. . exported "WCADMINDB"."REPOSITORY_BKP_MIGRA"          9.460 KB       3 rows
. . exported "WCADMINDB"."REPRESENTABLENAVCRITERIALINK"  9.242 KB       1 rows
. . exported "WCADMINDB"."REVAULTINGSESSION"             12.49 KB       1 rows
. . exported "WCADMINDB"."ROLEACTORROLEMAP"              9.265 KB       2 rows
. . exported "WCADMINDB"."ROOTFOLDER"                    12.34 KB       2 rows
. . exported "WCADMINDB"."ROOTMOUNT"                     10.60 KB       2 rows
. . exported "WCADMINDB"."SAVEDQUERYPRINCIPALLINK"       12.54 KB      29 rows
. . exported "WCADMINDB"."SCHEDULEHISTORY"               32.78 KB     190 rows
. . exported "WCADMINDB"."SCHEDULEITEM"                  19.34 KB       9 rows
. . exported "WCADMINDB"."SCHEDULEQUEUE"                 18.87 KB      10 rows
. . exported "WCADMINDB"."SERIESSORTVALUE"               14.42 KB      56 rows
. . exported "WCADMINDB"."SERIESSORTVALUE_BACKUP"        12.01 KB      33 rows
. . exported "WCADMINDB"."SHOWSHAREDNAVCRITERIALINK"     9.218 KB       1 rows
. . exported "WCADMINDB"."SITE"                          16.51 KB       1 rows
. . exported "WCADMINDB"."SITETOSITEPRINCIPALLINK"       10.52 KB       1 rows
. . exported "WCADMINDB"."SQSTATS"                       13.18 KB      10 rows
. . exported "WCADMINDB"."TASKFORMTEMPLATE"              21.03 KB       2 rows
. . exported "WCADMINDB"."TASKFORMTEMPLATEMASTER"        11.53 KB       2 rows
. . exported "WCADMINDB"."TEXTAGENDA"                    10.53 KB       1 rows
. . exported "WCADMINDB"."TEXTMINUTES"                   10.51 KB       1 rows
. . exported "WCADMINDB"."THIRDPARTYREPORTMODELDATA"     11.39 KB       1 rows
. . exported "WCADMINDB"."TMP_TABLE_VENDOR_FPSO"         35.86 KB     114 rows
. . exported "WCADMINDB"."TRANSPARENTINBOX"              7.914 KB       1 rows
. . exported "WCADMINDB"."UFIDMAPPING"                   9.773 KB       1 rows
. . exported "WCADMINDB"."USERELECTRONICIDLINK"          12.07 KB      19 rows
. . exported "WCADMINDB"."VIEWASSOCIATION"               9.187 KB       1 rows
. . exported "WCADMINDB"."WORKPACKAGEMASTER"             12.94 KB      12 rows
. . exported "WCADMINDB"."WPSYNCBASELINE"                14.21 KB      52 rows
. . exported "WCADMINDB"."WTCHANGEACTIVITY2MASTER"       10.96 KB       1 rows
. . exported "WCADMINDB"."WTCHANGEISSUEMASTER"           10.92 KB       1 rows
. . exported "WCADMINDB"."WTCHANGEORDER2MASTER"          10.93 KB       1 rows
. . exported "WCADMINDB"."WTCHANGEREQUEST2MASTER"        10.95 KB       1 rows
. . exported "WCADMINDB"."WTCONTAINERFILTER"             9.226 KB       4 rows
. . exported "WCADMINDB"."WTCONTAINERTEMPLATEMASTER"     14.60 KB      17 rows
. . exported "WCADMINDB"."WTPARTCONFIGSPEC"              25.25 KB       7 rows
. . exported "WCADMINDB"."WTROLEPRINCIPAL"               13.89 KB      24 rows
. . exported "WCADMINDB"."WTUPGINST_INSTALLATION"        7.273 KB       2 rows
. . exported "WCADMINDB"."WTUPGINST_UPGRADEPHASE"        6.515 KB       3 rows
. . exported "WCADMINDB"."WTUPGINST_UPGRADETASK"         7.304 KB      12 rows
. . exported "WCADMINDB"."WTUPGINST_USERPROPERTIES"      14.34 KB      88 rows
. . exported "WCADMINDB"."WTUPGINST_VERSIONEDASSEMBLY"   6.328 KB      19 rows
. . exported "WCADMINDB"."WTVIEW"                        8.351 KB       2 rows
. . exported "WCADMINDB"."WVSCONFIGURATIONTEMPLATE"      8.804 KB       1 rows
. . exported "WCADMINDB"."ABSTRACTSITE"                      0 KB       0 rows
. . exported "WCADMINDB"."ACCEPTEDSTRATEGY"                  0 KB       0 rows
. . exported "WCADMINDB"."ACCESSCONTROLSURROGATE"            0 KB       0 rows
. . exported "WCADMINDB"."ACCESSCONTROLSURROGATEMASTER"      0 KB       0 rows
. . exported "WCADMINDB"."ACTIONITEMSUBJECTLINK"             0 KB       0 rows
. . exported "WCADMINDB"."ACTIONPULLITEM"                    0 KB       0 rows
. . exported "WCADMINDB"."ACTIONSHIPPINGITEM"                0 KB       0 rows
. . exported "WCADMINDB"."ACTIVITYACTIVITYLINK"              0 KB       0 rows
. . exported "WCADMINDB"."ACTIVITYCONNECTORLINK"             0 KB       0 rows
. . exported "WCADMINDB"."ADDRESSESDIRECTIVE"                0 KB       0 rows
. . exported "WCADMINDB"."ADMINDOMAINLINK"                   0 KB       0 rows
. . exported "WCADMINDB"."AGGREGATE"                         0 KB       0 rows
. . exported "WCADMINDB"."AGGTOCONTENTITEM"                  0 KB       0 rows
. . exported "WCADMINDB"."AGREEMENTAUTHORIZEDOBJECT"         0 KB       0 rows
. . exported "WCADMINDB"."AGREEMENTAUTHORIZEDPROXY"          0 KB       0 rows
. . exported "WCADMINDB"."AGREEMENTPRINCIPALLINK"            0 KB       0 rows
. . exported "WCADMINDB"."ALERTITEM"                         0 KB       0 rows
. . exported "WCADMINDB"."ALTERNATEREPCONTAINERLINK"         0 KB       0 rows
. . exported "WCADMINDB"."ALTERNATEREPRESENTATION"           0 KB       0 rows
. . exported "WCADMINDB"."ALTERNATEUNITLINK"                 0 KB       0 rows
. . exported "WCADMINDB"."ALTERNATEUNITOFMEASURE"            0 KB       0 rows
. . exported "WCADMINDB"."ANNOTATIONBASELINE"                0 KB       0 rows
. . exported "WCADMINDB"."ANNOTATIONSET"                     0 KB       0 rows
. . exported "WCADMINDB"."ARCHIVE"                           0 KB       0 rows
. . exported "WCADMINDB"."ARCHIVEDITERATIONINFO"             0 KB       0 rows
. . exported "WCADMINDB"."ARCHIVERECORD"                     0 KB       0 rows
. . exported "WCADMINDB"."ASSOCIATEDISASSOCIATEEVENTINFO"      0 KB       0 rows
. . exported "WCADMINDB"."ATOCHOICE"                         0 KB       0 rows
. . exported "WCADMINDB"."ATOCHOICEMASTER"                   0 KB       0 rows
. . exported "WCADMINDB"."ATOGROUP"                          0 KB       0 rows
. . exported "WCADMINDB"."ATONAVIGATIONFILTER"               0 KB       0 rows
. . exported "WCADMINDB"."ATOOPTION"                         0 KB       0 rows
. . exported "WCADMINDB"."ATTRIBUTEMAPPINGRECORD"            0 KB       0 rows
. . exported "WCADMINDB"."ATTRIBUTESTRUCTFILTER"             0 KB       0 rows
. . exported "WCADMINDB"."ATTRIBUTESTRUCTFILTEREXPR"         0 KB       0 rows
. . exported "WCADMINDB"."ATTRIBUTESTRUCTFILTERRULE"         0 KB       0 rows
. . exported "WCADMINDB"."AUDITEVENT"                        0 KB       0 rows
. . exported "WCADMINDB"."AUDITPURGEHISTORY"                 0 KB       0 rows
. . exported "WCADMINDB"."AUTHORIZATIONAGREEMENT"            0 KB       0 rows
. . exported "WCADMINDB"."AUTHORIZATIONAGREEMENTMASTER"      0 KB       0 rows
. . exported "WCADMINDB"."AUTHORIZATNAGREEMENTMASTERKEY"      0 KB       0 rows
. . exported "WCADMINDB"."AUTOVAULTCLEANUPCRITERIA"          0 KB       0 rows
. . exported "WCADMINDB"."BASECRITERIONDEF"                  0 KB       0 rows
. . exported "WCADMINDB"."BASECRITERIONDEFMASTER"            0 KB       0 rows
. . exported "WCADMINDB"."BASELINECONFIGOVERRIDE"            0 KB       0 rows
. . exported "WCADMINDB"."BASELINEMEMBER"                    0 KB       0 rows
. . exported "WCADMINDB"."BIACTIONPULLITEM"                  0 KB       0 rows
. . exported "WCADMINDB"."BKP_WTUSER"                        0 KB       0 rows
. . exported "WCADMINDB"."BLACKBOXFILTER"                    0 KB       0 rows
. . exported "WCADMINDB"."BUILDHISTORY"                      0 KB       0 rows
. . exported "WCADMINDB"."BULKINDEXLISTENTRY"                0 KB       0 rows
. . exported "WCADMINDB"."BUSINESSENTITY"                    0 KB       0 rows
. . exported "WCADMINDB"."CADNAMECHANGEEVENTINFO"            0 KB       0 rows
. . exported "WCADMINDB"."CALCULATEDMSNEFFECTIVITY"          0 KB       0 rows
. . exported "WCADMINDB"."CAMEFROMUNIT"                      0 KB       0 rows
. . exported "WCADMINDB"."CHANGEACTION"                      0 KB       0 rows
. . exported "WCADMINDB"."CHANGEIDENTITYEVENTINFO"           0 KB       0 rows
. . exported "WCADMINDB"."CHANGELIFECYCLESTATEEVENTINFO"      0 KB       0 rows
. . exported "WCADMINDB"."CHANGEPLAN"                        0 KB       0 rows
. . exported "WCADMINDB"."CHANGEPLANACTIVITY"                0 KB       0 rows
. . exported "WCADMINDB"."CHANGEPLANNINGLINK"                0 KB       0 rows
. . exported "WCADMINDB"."CHANGERECORD2"                     0 KB       0 rows
. . exported "WCADMINDB"."CHANGESFORANNOTATIONS"             0 KB       0 rows
. . exported "WCADMINDB"."CHANGESFORMARKUPS"                 0 KB       0 rows
. . exported "WCADMINDB"."CHECKINEVENTINFO"                  0 KB       0 rows
. . exported "WCADMINDB"."CHECKOUTEVENTINFO"                 0 KB       0 rows
. . exported "WCADMINDB"."CHOICECONSTRAINT"                  0 KB       0 rows
. . exported "WCADMINDB"."CHOICECONSTRAINTMASTER"            0 KB       0 rows
. . exported "WCADMINDB"."CHOICEENABLE"                      0 KB       0 rows
. . exported "WCADMINDB"."CHOICEENABLEMASTER"                0 KB       0 rows
. . exported "WCADMINDB"."CHOICEMAPPABLECHOICELINK"          0 KB       0 rows
. . exported "WCADMINDB"."CHOICEMAPPING"                     0 KB       0 rows
. . exported "WCADMINDB"."CHOICEMAPPINGMASTER"               0 KB       0 rows
. . exported "WCADMINDB"."CIEFFCONFIGHOLDERLINK"             0 KB       0 rows
. . exported "WCADMINDB"."CLASHTOCLASHREPORTLINK"            0 KB       0 rows
. . exported "WCADMINDB"."CLASSIFICATIONNAVSTRUCT"           0 KB       0 rows
. . exported "WCADMINDB"."CLASSIFICATIONNODE"                0 KB       0 rows
. . exported "WCADMINDB"."CLASSIFICATIONSTRUCT"              0 KB       0 rows
. . exported "WCADMINDB"."CLIENTCACHESTATE"                  0 KB       0 rows
. . exported "WCADMINDB"."CMDATA"                            0 KB       0 rows
. . exported "WCADMINDB"."CMNOTIFICATIONTABLE"               0 KB       0 rows
. . exported "WCADMINDB"."CMOBJPROPS11"                      0 KB       0 rows
. . exported "WCADMINDB"."CMOBJPROPS13"                      0 KB       0 rows
. . exported "WCADMINDB"."CMOBJPROPS24"                      0 KB       0 rows
. . exported "WCADMINDB"."CMOBJPROPS25"                      0 KB       0 rows
. . exported "WCADMINDB"."CMOBJPROPS27"                      0 KB       0 rows
. . exported "WCADMINDB"."CMOBJPROPS28"                      0 KB       0 rows
. . exported "WCADMINDB"."CMOBJPROPS32"                      0 KB       0 rows
. . exported "WCADMINDB"."CMOBJPROPS34"                      0 KB       0 rows
. . exported "WCADMINDB"."CMOBJPROPS35"                      0 KB       0 rows
. . exported "WCADMINDB"."CMOBJPROPS40"                      0 KB       0 rows
. . exported "WCADMINDB"."CMOBJPROPS41"                      0 KB       0 rows
. . exported "WCADMINDB"."CMOBJPROPS42"                      0 KB       0 rows
. . exported "WCADMINDB"."CMOBJPROPS43"                      0 KB       0 rows
. . exported "WCADMINDB"."CMOBJPROPS45"                      0 KB       0 rows
. . exported "WCADMINDB"."CMOBJPROPS46"                      0 KB       0 rows
. . exported "WCADMINDB"."CMOBJPROPS47"                      0 KB       0 rows
. . exported "WCADMINDB"."CMOBJPROPS49"                      0 KB       0 rows
. . exported "WCADMINDB"."CMOBJPROPS5"                       0 KB       0 rows
. . exported "WCADMINDB"."CMOBJPROPS50"                      0 KB       0 rows
. . exported "WCADMINDB"."CMOBJPROPS53"                      0 KB       0 rows
. . exported "WCADMINDB"."CMOBJPROPS56"                      0 KB       0 rows
. . exported "WCADMINDB"."CMOBJPROPS57"                      0 KB       0 rows
. . exported "WCADMINDB"."CMOBJPROPS60"                      0 KB       0 rows
. . exported "WCADMINDB"."CMOBJPROPS61"                      0 KB       0 rows
. . exported "WCADMINDB"."CMOBJPROPS63"                      0 KB       0 rows
. . exported "WCADMINDB"."CMOBJPROPS64"                      0 KB       0 rows
. . exported "WCADMINDB"."CMOBJPROPS65"                      0 KB       0 rows
. . exported "WCADMINDB"."CMOBJPROPS68"                      0 KB       0 rows
. . exported "WCADMINDB"."CMOBJPROPS69"                      0 KB       0 rows
. . exported "WCADMINDB"."CMOBJPROPS70"                      0 KB       0 rows
. . exported "WCADMINDB"."CMOBJPROPS71"                      0 KB       0 rows
. . exported "WCADMINDB"."CMOBJPROPS72"                      0 KB       0 rows
. . exported "WCADMINDB"."CMOBJPROPS73"                      0 KB       0 rows
. . exported "WCADMINDB"."CMOBJPROPS9"                       0 KB       0 rows
. . exported "WCADMINDB"."CMREFORD2"                         0 KB       0 rows
. . exported "WCADMINDB"."CMSIZEINFO"                        0 KB       0 rows
. . exported "WCADMINDB"."COLLABORATIONINFO"                 0 KB       0 rows
. . exported "WCADMINDB"."COLLABORATIONSITE"                 0 KB       0 rows
. . exported "WCADMINDB"."COLLECTIONCRITERIONDEF"            0 KB       0 rows
. . exported "WCADMINDB"."COLLECTIONCRITERIONDEFMASTER"      0 KB       0 rows
. . exported "WCADMINDB"."COLLECTIONOPUSESRELMAPLINK"        0 KB       0 rows
. . exported "WCADMINDB"."COMBOCCURRENCEDATAMASTER"          0 KB       0 rows
. . exported "WCADMINDB"."COMBOCCURRENCEDOCUMENTATION"       0 KB       0 rows
. . exported "WCADMINDB"."COMBOCCURRENCEUSERIBAS"            0 KB       0 rows
. . exported "WCADMINDB"."CONFIGURABLEDESCRIBELINK"          0 KB       0 rows
. . exported "WCADMINDB"."CONFIGURABLEMASTERSLINK"           0 KB       0 rows
. . exported "WCADMINDB"."CONFIGURABLEREFERENCELINK"         0 KB       0 rows
. . exported "WCADMINDB"."CONFIGURATIONITEM"                 0 KB       0 rows
. . exported "WCADMINDB"."CONFIRMABLESHIPPINGITEM"           0 KB       0 rows
. . exported "WCADMINDB"."CONNECTORACTIVITYLINK"             0 KB       0 rows
. . exported "WCADMINDB"."CONNECTORCONNECTORLINK"            0 KB       0 rows
. . exported "WCADMINDB"."CONSUMPTIONLINK"                   0 KB       0 rows
. . exported "WCADMINDB"."CONTAINERFILTER"                   0 KB       0 rows
. . exported "WCADMINDB"."CONTENTCONTROLCONTENTLINK"         0 KB       0 rows
. . exported "WCADMINDB"."CONTENTCONTROLPRIMARYLINK"         0 KB       0 rows
. . exported "WCADMINDB"."CONTENTCONTROLRELATIONLINK"        0 KB       0 rows
. . exported "WCADMINDB"."CONTENTCONTROLSECONDARYLINK"       0 KB       0 rows
. . exported "WCADMINDB"."CONTENTREPLRECORD"                 0 KB       0 rows
. . exported "WCADMINDB"."CONTENTREPLSCHEDULE"               0 KB       0 rows
. . exported "WCADMINDB"."CONTEXTLINK"                       0 KB       0 rows
. . exported "WCADMINDB"."CONTREPLHISTORY"                   0 KB       0 rows
. . exported "WCADMINDB"."COPYEVENTINFO"                     0 KB       0 rows
. . exported "WCADMINDB"."COUNTEDHISTORY"                    0 KB       0 rows
. . exported "WCADMINDB"."COUNTERPARTATTACHMENT"             0 KB       0 rows
. . exported "WCADMINDB"."CREATEDFROMVERSION"                0 KB       0 rows
. . exported "WCADMINDB"."CRITERIASUPPORTDATALINK"           0 KB       0 rows
. . exported "WCADMINDB"."CSMCONTAINERCONSTRAINT"            0 KB       0 rows
. . exported "WCADMINDB"."CSMSINGLEDEFCONSTRAINT"            0 KB       0 rows
. . exported "WCADMINDB"."CURRENTPHASELINK"                  0 KB       0 rows
. . exported "WCADMINDB"."CUSTOMFILTER"                      0 KB       0 rows
. . exported "WCADMINDB"."DEADLINECHANGEEVENT"               0 KB       0 rows
. . exported "WCADMINDB"."DEADLINEEVENT"                     0 KB       0 rows
. . exported "WCADMINDB"."DEFAULTASSOCIATIONCONSTRAINTIT"      0 KB       0 rows
. . exported "WCADMINDB"."DEFAULTBASELINELINK"               0 KB       0 rows
. . exported "WCADMINDB"."DEFAULTQUERYFORM"                  0 KB       0 rows
. . exported "WCADMINDB"."DELETEDBUILDREFERENCE"             0 KB       0 rows
. . exported "WCADMINDB"."DELIVERABLE"                       0 KB       0 rows
. . exported "WCADMINDB"."DELIVERABLELINK"                   0 KB       0 rows
. . exported "WCADMINDB"."DELIVERABLESREQUESTINFO"           0 KB       0 rows
. . exported "WCADMINDB"."DERIVEDFROMCONFIGSPECLINK"         0 KB       0 rows
. . exported "WCADMINDB"."DERIVEDFROMNAVCRITERIALINK"        0 KB       0 rows
. . exported "WCADMINDB"."DESIGNATIONGROUP"                  0 KB       0 rows
. . exported "WCADMINDB"."DETAILEDBY"                        0 KB       0 rows
. . exported "WCADMINDB"."DIGESTNOTIFICATION"                0 KB       0 rows
. . exported "WCADMINDB"."DIGESTNOTIFICATIONDATA"            0 KB       0 rows
. . exported "WCADMINDB"."DIRECTORYTRANSLATIONTABLE"         0 KB       0 rows
. . exported "WCADMINDB"."DIRECTQUERYTARGET"                 0 KB       0 rows
. . exported "WCADMINDB"."DPIMPLJOB"                         0 KB       0 rows
. . exported "WCADMINDB"."DPIMPLJOBTOESITRANSACTIONLINK"      0 KB       0 rows
. . exported "WCADMINDB"."DPIMPLSCHEDULE"                    0 KB       0 rows
. . exported "WCADMINDB"."DTOCADMAKERSTATE"                  0 KB       0 rows
. . exported "WCADMINDB"."DTODELIVDEPENDENCYLINK"            0 KB       0 rows
. . exported "WCADMINDB"."DTODELIVERABLEDEFINITION"          0 KB       0 rows
. . exported "WCADMINDB"."DTODELIVREQUESTTICKET"             0 KB       0 rows
. . exported "WCADMINDB"."DTOREQUESTDEPENDENCYLINK"          0 KB       0 rows
. . exported "WCADMINDB"."DTOTEMPLDELIVDEFINITION"           0 KB       0 rows
. . exported "WCADMINDB"."DTOVARSPECDELIVERABLELINK"         0 KB       0 rows
. . exported "WCADMINDB"."EFFCHANGEAUDIT"                    0 KB       0 rows
. . exported "WCADMINDB"."EFFCONFIGSPECGROUP"                0 KB       0 rows
. . exported "WCADMINDB"."EFFCONTEXTKEY"                     0 KB       0 rows
. . exported "WCADMINDB"."EFFECTIVITYCONFIGURATIONHOLDER"      0 KB       0 rows
. . exported "WCADMINDB"."ELEMENTIMPORTINFO"                 0 KB       0 rows
. . exported "WCADMINDB"."ENGINESTATE"                       0 KB       0 rows
. . exported "WCADMINDB"."ENVIRONMENTCONFLICT"               0 KB       0 rows
. . exported "WCADMINDB"."EPMASSTOREDCONFIG"                 0 KB       0 rows
. . exported "WCADMINDB"."EPMASSTOREDMEMBER"                 0 KB       0 rows
. . exported "WCADMINDB"."EPMBUILDATTRIBUTE"                 0 KB       0 rows
. . exported "WCADMINDB"."EPMBUILDHISTORY"                   0 KB       0 rows
. . exported "WCADMINDB"."EPMBUILDRULE"                      0 KB       0 rows
. . exported "WCADMINDB"."EPMBUILDRULEASSOCIATIONLINK"       0 KB       0 rows
. . exported "WCADMINDB"."EPMCONTAINEDIN"                    0 KB       0 rows
. . exported "WCADMINDB"."EPMDEFINITIONRULE"                 0 KB       0 rows
. . exported "WCADMINDB"."EPMDERIVEDREPHISTORY"              0 KB       0 rows
. . exported "WCADMINDB"."EPMDERIVEDREPRULE"                 0 KB       0 rows
. . exported "WCADMINDB"."EPMDESCRIBELINK"                   0 KB       0 rows
. . exported "WCADMINDB"."EPMFAMILYTABLEATTRIBUTE"           0 KB       0 rows
. . exported "WCADMINDB"."EPMFAMILYTABLECELL"                0 KB       0 rows
. . exported "WCADMINDB"."EPMFAMILYTABLECELLDEP"             0 KB       0 rows
. . exported "WCADMINDB"."EPMFAMILYTABLEFEATURE"             0 KB       0 rows
. . exported "WCADMINDB"."EPMFAMILYTABLEMEMBER"              0 KB       0 rows
. . exported "WCADMINDB"."EPMFAMILYTABLEPARAMETER"           0 KB       0 rows
. . exported "WCADMINDB"."EPMFAMILYTABLEREFERENCE"           0 KB       0 rows
. . exported "WCADMINDB"."EPMFEATUREDEFINITION"              0 KB       0 rows
. . exported "WCADMINDB"."EPMFEATUREVALUE"                   0 KB       0 rows
. . exported "WCADMINDB"."EPMIDSPACERECORD"                  0 KB       0 rows
. . exported "WCADMINDB"."EPMINITIALCHECKINDATA"             0 KB       0 rows
. . exported "WCADMINDB"."EPMMEMBERLINK"                     0 KB       0 rows
. . exported "WCADMINDB"."EPMPARAMETERDEFINITION"            0 KB       0 rows
. . exported "WCADMINDB"."EPMPARAMETERMAP"                   0 KB       0 rows
. . exported "WCADMINDB"."EPMPARAMETERUNITINFO"              0 KB       0 rows
. . exported "WCADMINDB"."EPMPARAMETERVALUE"                 0 KB       0 rows
. . exported "WCADMINDB"."EPMREFERENCELINK"                  0 KB       0 rows
. . exported "WCADMINDB"."EPMRESULTRULE"                     0 KB       0 rows
. . exported "WCADMINDB"."EPMRESULTRULEFILTER"               0 KB       0 rows
. . exported "WCADMINDB"."EPMSEPFAMILYTABLE"                 0 KB       0 rows
. . exported "WCADMINDB"."EPMSEPFAMILYTABLEMASTER"           0 KB       0 rows
. . exported "WCADMINDB"."EPMSTRUCTANNADDMATCHINGDATA"       0 KB       0 rows
. . exported "WCADMINDB"."EPMSTRUCTANNOTATIONREPLACEDATA"      0 KB       0 rows
. . exported "WCADMINDB"."EPMSTRUCTUREANNOTATION"            0 KB       0 rows
. . exported "WCADMINDB"."EPMSUPPORTINGDATA"                 0 KB       0 rows
. . exported "WCADMINDB"."EPMUSESOCCURRENCE"                 0 KB       0 rows
. . exported "WCADMINDB"."EPMVARIANTLINK"                    0 KB       0 rows
. . exported "WCADMINDB"."EPMWORKSPACENAMESPACE"             0 KB       0 rows
. . exported "WCADMINDB"."EQUIPMENTRESOURCE"                 0 KB       0 rows
. . exported "WCADMINDB"."EQUIVALENCELINK"                   0 KB       0 rows
. . exported "WCADMINDB"."ERPMATERIAL"                       0 KB       0 rows
. . exported "WCADMINDB"."ERPMATERIALDOCDESCRIBELINK"        0 KB       0 rows
. . exported "WCADMINDB"."ERPMATERIALDOCREFERENCELINK"       0 KB       0 rows
. . exported "WCADMINDB"."ERPMATERIALEPMDOCDESCRIBELINK"      0 KB       0 rows
. . exported "WCADMINDB"."ERPMATERIALLINK"                   0 KB       0 rows
. . exported "WCADMINDB"."ERPMATERIALSET"                    0 KB       0 rows
. . exported "WCADMINDB"."ERPPARTSPECIFICPLANTDATA"          0 KB       0 rows
. . exported "WCADMINDB"."ERPPARTSPECIFICPLANTDATALINK"      0 KB       0 rows
. . exported "WCADMINDB"."EVENTLOG"                          0 KB       0 rows
. . exported "WCADMINDB"."EXTENDEDPAGERESULTS"               0 KB       0 rows
. . exported "WCADMINDB"."EXTERNALLOGICLINK"                 0 KB       0 rows
. . exported "WCADMINDB"."EXTERNALSTOREDDATA"                0 KB       0 rows
. . exported "WCADMINDB"."FACILITYRESOURCE"                  0 KB       0 rows
. . exported "WCADMINDB"."FEDERATABLEREPOSITORYSTATUS"       0 KB       0 rows
. . exported "WCADMINDB"."FEDERATEDDIRECTORYSERVICE"         0 KB       0 rows
. . exported "WCADMINDB"."FEDERATEDINFOENGINESERVICE"        0 KB       0 rows
. . exported "WCADMINDB"."FEDERATEDLINK"                     0 KB       0 rows
. . exported "WCADMINDB"."FLOATVALUE"                        0 KB       0 rows
. . exported "WCADMINDB"."FOLDEREDBOOKMARK"                  0 KB       0 rows
. . exported "WCADMINDB"."FORMALIZEDBY"                      0 KB       0 rows
. . exported "WCADMINDB"."FORUMCOOKIE"                       0 KB       0 rows
. . exported "WCADMINDB"."FVMOUNTVALIDATORLOCK"              0 KB       0 rows
. . exported "WCADMINDB"."FVPOLICYITEM"                      0 KB       0 rows
. . exported "WCADMINDB"."FVPOLICYRULE"                      0 KB       0 rows
. . exported "WCADMINDB"."FVSERVICEPERSISTENTFLAGS"          0 KB       0 rows
. . exported "WCADMINDB"."GENERICIZABLETEMPLATELINK"         0 KB       0 rows
. . exported "WCADMINDB"."GENERICVARIANTLINK"                0 KB       0 rows
. . exported "WCADMINDB"."HANGINGCHANGELINK"                 0 KB       0 rows
. . exported "WCADMINDB"."HTMLLOG"                           0 KB       0 rows
. . exported "WCADMINDB"."HTMLLOGMESSAGE"                    0 KB       0 rows
. . exported "WCADMINDB"."HTTPCONTENTOPERATION"              0 KB       0 rows
. . exported "WCADMINDB"."HTTPOPERATIONITEM"                 0 KB       0 rows
. . exported "WCADMINDB"."IMPACTS"                           0 KB       0 rows
. . exported "WCADMINDB"."IMPORTJOB"                         0 KB       0 rows
. . exported "WCADMINDB"."IMPORTSESSION"                     0 KB       0 rows
. . exported "WCADMINDB"."INCOMINGDELIVERYRECORD"            0 KB       0 rows
. . exported "WCADMINDB"."INDEPENDENTNAVSTRUCT"              0 KB       0 rows
. . exported "WCADMINDB"."INDEPENDENTNODE"                   0 KB       0 rows
. . exported "WCADMINDB"."INDEXPOLICY"                       0 KB       0 rows
. . exported "WCADMINDB"."INDIRECTQUERYTARGET"               0 KB       0 rows
. . exported "WCADMINDB"."INFOENGINETRANSLATIONTABLE"        0 KB       0 rows
. . exported "WCADMINDB"."INFORMATIONRESOURCE"               0 KB       0 rows
. . exported "WCADMINDB"."INSTANCEREPLACEMENTRECORD"         0 KB       0 rows
. . exported "WCADMINDB"."ISSUEIMPLEMENTEDBY"                0 KB       0 rows
. . exported "WCADMINDB"."ITERATEDACTIONITEMSUBJECTLINK"      0 KB       0 rows
. . exported "WCADMINDB"."ITERATEDSHORTCUTLINK"              0 KB       0 rows
. . exported "WCADMINDB"."JOBTOBASELINELINK"                 0 KB       0 rows
. . exported "WCADMINDB"."JOBTOQUEUEENTRYLINK"               0 KB       0 rows
. . exported "WCADMINDB"."JOBTOTRACKABLELINK"                0 KB       0 rows
. . exported "WCADMINDB"."LASTAUDITEVENT"                    0 KB       0 rows
. . exported "WCADMINDB"."LIFECYCLEMANAGEDWTMARKUP"          0 KB       0 rows
. . exported "WCADMINDB"."LIFECYCLESIGNATURE"                0 KB       0 rows
. . exported "WCADMINDB"."LIGHTWEIGHTPROXY"                  0 KB       0 rows
. . exported "WCADMINDB"."LOCATIONCHANGEEVENTINFO"           0 KB       0 rows
. . exported "WCADMINDB"."LWCATTRIBUTEDISPLAYSTYLE"          0 KB       0 rows
. . exported "WCADMINDB"."LWCCOLUMNALLOCATION"               0 KB       0 rows
. . exported "WCADMINDB"."LWCFLEXATTDEFINITION"              0 KB       0 rows
. . exported "WCADMINDB"."LWCLAYOUTPROFILELINK"              0 KB       0 rows
. . exported "WCADMINDB"."LWCLINKEDFLEXATTDEFINITION"        0 KB       0 rows
. . exported "WCADMINDB"."LWCSEPARATOR"                      0 KB       0 rows
. . exported "WCADMINDB"."MANAGEDBASELINE"                   0 KB       0 rows
. . exported "WCADMINDB"."MANAGEDBASELINEKEY"                0 KB       0 rows
. . exported "WCADMINDB"."MANAGEDCOLLECTION"                 0 KB       0 rows
. . exported "WCADMINDB"."MANAGEDCOLLECTIONKEY"              0 KB       0 rows
. . exported "WCADMINDB"."MARKUPANNOTATEEVENTINFO"           0 KB       0 rows
. . exported "WCADMINDB"."MASTEREDONREPLICAITEM"             0 KB       0 rows
. . exported "WCADMINDB"."MATERIALRESOURCE"                  0 KB       0 rows
. . exported "WCADMINDB"."MATURITYBASELINE"                  0 KB       0 rows
. . exported "WCADMINDB"."MATURITYKEY"                       0 KB       0 rows
. . exported "WCADMINDB"."MEETINGCENTERMEETING"              0 KB       0 rows
. . exported "WCADMINDB"."MEETINGDELIVERABLE"                0 KB       0 rows
. . exported "WCADMINDB"."MEETINGSUBJECTLINK"                0 KB       0 rows
. . exported "WCADMINDB"."MERGEINFOLINK"                     0 KB       0 rows
. . exported "WCADMINDB"."METHODDEF"                         0 KB       0 rows
. . exported "WCADMINDB"."METHODDEFMASTER"                   0 KB       0 rows
. . exported "WCADMINDB"."MILESTONE"                         0 KB       0 rows
. . exported "WCADMINDB"."MILESTONETEMPLATE"                 0 KB       0 rows
. . exported "WCADMINDB"."MLOG$_FLOATDEFINITION"             0 KB       0 rows
. . exported "WCADMINDB"."MLOG$_FLOATVALUE"                  0 KB       0 rows
. . exported "WCADMINDB"."MLOG$_RATIODEFINITION"             0 KB       0 rows
. . exported "WCADMINDB"."MLOG$_RATIOVALUE"                  0 KB       0 rows
. . exported "WCADMINDB"."MLOG$_UNITDEFINITION"              0 KB       0 rows
. . exported "WCADMINDB"."MLOG$_UNITVALUE"                   0 KB       0 rows
. . exported "WCADMINDB"."MLOG$_URLDEFINITION"               0 KB       0 rows
. . exported "WCADMINDB"."MLOG$_URLVALUE"                    0 KB       0 rows
. . exported "WCADMINDB"."MODELITEM"                         0 KB       0 rows
. . exported "WCADMINDB"."MODELITEMCONTAINEDIN"              0 KB       0 rows
. . exported "WCADMINDB"."MODELITEMLINK"                     0 KB       0 rows
. . exported "WCADMINDB"."MODELITEMMASTER"                   0 KB       0 rows
. . exported "WCADMINDB"."MODIFYACCESSPOLICYEVENTINFO"       0 KB       0 rows
. . exported "WCADMINDB"."MODIFYCONTENTEVENTINFO"            0 KB       0 rows
. . exported "WCADMINDB"."MODIFYGROUPEVENTINFO"              0 KB       0 rows
. . exported "WCADMINDB"."MODIFYOBJECTACCESSEVENTINFO"       0 KB       0 rows
. . exported "WCADMINDB"."MODIFYORGROLEEVENTINFO"            0 KB       0 rows
. . exported "WCADMINDB"."MODIFYPRODSTRUCTUREEVENTINFO"      0 KB       0 rows
. . exported "WCADMINDB"."MODIFYSECURITYLABELSEVENTINFO"      0 KB       0 rows
. . exported "WCADMINDB"."MODIFYTEAMEVENTINFO"               0 KB       0 rows
. . exported "WCADMINDB"."MODIFYTEAMROLEEVENTINFO"           0 KB       0 rows
. . exported "WCADMINDB"."MOVEEVENTINFO"                     0 KB       0 rows
. . exported "WCADMINDB"."MULTIVALUEDPREFERENCEINSTANCE"      0 KB       0 rows
. . exported "WCADMINDB"."NAVFILTERCONSTRAINT"               0 KB       0 rows
. . exported "WCADMINDB"."NAVIGATIONFILTER"                  0 KB       0 rows
. . exported "WCADMINDB"."NC_DELIVERYADDRESS"                0 KB       0 rows
. . exported "WCADMINDB"."NC_EVENTSTATUS"                    0 KB       0 rows
. . exported "WCADMINDB"."NC_JMSQUEUE"                       0 KB       0 rows
. . exported "WCADMINDB"."NC_JOBQUEUE"                       0 KB       0 rows
. . exported "WCADMINDB"."NC_MESSAGELINE"                    0 KB       0 rows
. . exported "WCADMINDB"."NC_MESSAGELINE_ELEMENT"            0 KB       0 rows
. . exported "WCADMINDB"."NC_MESSAGESTRUCT"                  0 KB       0 rows
. . exported "WCADMINDB"."NC_OBJECTCATALOGUE"                0 KB       0 rows
. . exported "WCADMINDB"."NC_RECIPIENT"                      0 KB       0 rows
. . exported "WCADMINDB"."NC_SCHEDULE"                       0 KB       0 rows
. . exported "WCADMINDB"."NC_SCHEDULED_EVENT_OVERRIDE"       0 KB       0 rows
. . exported "WCADMINDB"."NC_SCHEDULE_QUEUE"                 0 KB       0 rows
. . exported "WCADMINDB"."NC_TASK"                           0 KB       0 rows
. . exported "WCADMINDB"."NC_TASKSCHEDULE"                   0 KB       0 rows
. . exported "WCADMINDB"."NC_TASK_ANCESTOR_STOREIDS"         0 KB       0 rows
. . exported "WCADMINDB"."NC_TASK_HISTORY_DETAIL"            0 KB       0 rows
. . exported "WCADMINDB"."NC_TASK_PROPERTY"                  0 KB       0 rows
. . exported "WCADMINDB"."NC_TASK_QUEUE"                     0 KB       0 rows
. . exported "WCADMINDB"."NC_TSE_STATE_MAP"                  0 KB       0 rows
. . exported "WCADMINDB"."NODEQUERYFORM"                     0 KB       0 rows
. . exported "WCADMINDB"."NOTAUTHORIZEDACCESSEVENTINFO"      0 KB       0 rows
. . exported "WCADMINDB"."NOTEHOLDERNOTELINK"                0 KB       0 rows
. . exported "WCADMINDB"."NOTIFICATIONPOLICY"                0 KB       0 rows
. . exported "WCADMINDB"."NOTIFICATIONRULE"                  0 KB       0 rows
. . exported "WCADMINDB"."OBJECTDELETIONEVENT"               0 KB       0 rows
. . exported "WCADMINDB"."OBJECTFILTER"                      0 KB       0 rows
. . exported "WCADMINDB"."OBJECTSUBSCRIPTION"                0 KB       0 rows
. . exported "WCADMINDB"."OPLINK"                            0 KB       0 rows
. . exported "WCADMINDB"."OPTIONSET"                         0 KB       0 rows
. . exported "WCADMINDB"."OPTIONSETCHOICERULELINK"           0 KB       0 rows
. . exported "WCADMINDB"."OPTIONSETIGNORECHOICERULELINK"      0 KB       0 rows
. . exported "WCADMINDB"."OPTIONSETMASTER"                   0 KB       0 rows
. . exported "WCADMINDB"."OPTIONSETMASTERKEY"                0 KB       0 rows
. . exported "WCADMINDB"."OPTIONSETMEMBERLINK"               0 KB       0 rows
. . exported "WCADMINDB"."ORGFILTER"                         0 KB       0 rows
. . exported "WCADMINDB"."OVERDUEWORKITEMLINK"               0 KB       0 rows
. . exported "WCADMINDB"."OVERRIDEREGOPTIONSETLINK"          0 KB       0 rows
. . exported "WCADMINDB"."OWNERCHANGEEVENT"                  0 KB       0 rows
. . exported "WCADMINDB"."PARAMETERATTRIBUTEDEFNLINK"        0 KB       0 rows
. . exported "WCADMINDB"."PARTCOMBINEDPATHOCCURRENCE"        0 KB       0 rows
. . exported "WCADMINDB"."PARTCREATIONSTATUS"                0 KB       0 rows
. . exported "WCADMINDB"."PARTEXPORTINFO"                    0 KB       0 rows
. . exported "WCADMINDB"."PARTOCARBUILDLINK"                 0 KB       0 rows
. . exported "WCADMINDB"."PARTPATHOCCURRENCE"                0 KB       0 rows
. . exported "WCADMINDB"."PATHOCCURRENCEDATAMASTER"          0 KB       0 rows
. . exported "WCADMINDB"."PATHOCCURRENCEDOCUMENTATION"       0 KB       0 rows
. . exported "WCADMINDB"."PATHOCCURRENCEUSERIBAS"            0 KB       0 rows
. . exported "WCADMINDB"."PAYLOADSHIPPINGITEM"               0 KB       0 rows
. . exported "WCADMINDB"."PENDINGBLOCKEFFECTIVITY"           0 KB       0 rows
. . exported "WCADMINDB"."PENDINGDATEEFFECTIVITY"            0 KB       0 rows
. . exported "WCADMINDB"."PENDINGLNEFFECTIVITY"              0 KB       0 rows
. . exported "WCADMINDB"."PENDINGMSNEFFECTIVITY"             0 KB       0 rows
. . exported "WCADMINDB"."PENDINGSNEFFECTIVITY"              0 KB       0 rows
. . exported "WCADMINDB"."PERSISTABLEEFFCONFIGSPEC"          0 KB       0 rows
. . exported "WCADMINDB"."PERSISTEDCOLLECTIONNESTINGLINK"      0 KB       0 rows
. . exported "WCADMINDB"."PERSISTEDCOLLECTIONTOMBHOLDER"      0 KB       0 rows
. . exported "WCADMINDB"."PERSISTEDCOLLECTIONTOMBSTONE"      0 KB       0 rows
. . exported "WCADMINDB"."PERSISTENTINBOX"                   0 KB       0 rows
. . exported "WCADMINDB"."PERSISTENTTRACKINGNUMGEN"          0 KB       0 rows
. . exported "WCADMINDB"."PERSONRESOURCE"                    0 KB       0 rows
. . exported "WCADMINDB"."PRECEDENCECONSTRAINT"              0 KB       0 rows
. . exported "WCADMINDB"."PREDICTIVECACHINGRULE"             0 KB       0 rows
. . exported "WCADMINDB"."PREDICTIVECACHINGRULEVERSION"      0 KB       0 rows
. . exported "WCADMINDB"."PROBLEMPRODUCT"                    0 KB       0 rows
. . exported "WCADMINDB"."PRODUCTBLOCKEFFECTIVITY"           0 KB       0 rows
. . exported "WCADMINDB"."PRODUCTDATEEFFECTIVITY"            0 KB       0 rows
. . exported "WCADMINDB"."PRODUCTLNEFFECTIVITY"              0 KB       0 rows
. . exported "WCADMINDB"."PRODUCTMSNEFFECTIVITY"             0 KB       0 rows
. . exported "WCADMINDB"."PRODUCTSNEFFECTIVITY"              0 KB       0 rows
. . exported "WCADMINDB"."PROJECT"                           0 KB       0 rows
. . exported "WCADMINDB"."PROJECTACTIVITY"                   0 KB       0 rows
. . exported "WCADMINDB"."PROJECTACTIVITYTEMPLATE"           0 KB       0 rows
. . exported "WCADMINDB"."PROJECTASSIGNMENT"                 0 KB       0 rows
. . exported "WCADMINDB"."PROJECTAUDITEVENT"                 0 KB       0 rows
. . exported "WCADMINDB"."PROJECTPLAN"                       0 KB       0 rows
. . exported "WCADMINDB"."PROJECTPLANTEMPLATE"               0 KB       0 rows
. . exported "WCADMINDB"."PROJECTPROXY"                      0 KB       0 rows
. . exported "WCADMINDB"."PROJECTPROXYTEMPLATE"              0 KB       0 rows
. . exported "WCADMINDB"."PROJECTWORKITEM"                   0 KB       0 rows
. . exported "WCADMINDB"."PROMOTIONNOTICE"                   0 KB       0 rows
. . exported "WCADMINDB"."PROMOTIONSEED"                     0 KB       0 rows
. . exported "WCADMINDB"."PROMOTIONTARGET"                   0 KB       0 rows
. . exported "WCADMINDB"."PROXYDOCUMENT"                     0 KB       0 rows
. . exported "WCADMINDB"."PROXYDOCUMENTMASTER"               0 KB       0 rows
. . exported "WCADMINDB"."PROXYGROUP"                        0 KB       0 rows
. . exported "WCADMINDB"."PROXYPARTMASTER"                   0 KB       0 rows
. . exported "WCADMINDB"."PROXYURLDATA"                      0 KB       0 rows
. . exported "WCADMINDB"."PROXYUSER"                         0 KB       0 rows
. . exported "WCADMINDB"."PUBLISHEDCONTENTLINK"              0 KB       0 rows
. . exported "WCADMINDB"."PUBLISHEDLINENUMBER"               0 KB       0 rows
. . exported "WCADMINDB"."PUBLISHINGPROHIBITION"             0 KB       0 rows
. . exported "WCADMINDB"."PURGERECORD"                       0 KB       0 rows
. . exported "WCADMINDB"."PURGESCHEDULE"                     0 KB       0 rows
. . exported "WCADMINDB"."QUARANTINEDDESCRIPTION"            0 KB       0 rows
. . exported "WCADMINDB"."QUERYFORMELEMENT"                  0 KB       0 rows
. . exported "WCADMINDB"."RANKINGCONTEXT"                    0 KB       0 rows
. . exported "WCADMINDB"."RANKINGDATA"                       0 KB       0 rows
. . exported "WCADMINDB"."RATIODEFINITION"                   0 KB       0 rows
. . exported "WCADMINDB"."RATIOVALUE"                        0 KB       0 rows
. . exported "WCADMINDB"."RECEIPT"                           0 KB       0 rows
. . exported "WCADMINDB"."REFERENCEVALUE"                    0 KB       0 rows
. . exported "WCADMINDB"."REGISTEREDNFTLINK"                 0 KB       0 rows
. . exported "WCADMINDB"."REGISTEREDOPTIONSETLINK"           0 KB       0 rows
. . exported "WCADMINDB"."RELEVANTANALYSISDATA"              0 KB       0 rows
. . exported "WCADMINDB"."REMOTESITETEAMTEMPLATE"            0 KB       0 rows
. . exported "WCADMINDB"."REMOTESITETEAMTEMPLATELINK"        0 KB       0 rows
. . exported "WCADMINDB"."RENAMEEVENTINFO"                   0 KB       0 rows
. . exported "WCADMINDB"."REPLICATEDITEM"                    0 KB       0 rows
. . exported "WCADMINDB"."REPLICATIONBASELINE"               0 KB       0 rows
. . exported "WCADMINDB"."REPRESENTABLECONFIGSPECLINK"       0 KB       0 rows
. . exported "WCADMINDB"."REQUESTHISTOGRAMS"                 0 KB       0 rows
. . exported "WCADMINDB"."REQUIREDDEPEND"                    0 KB       0 rows
. . exported "WCADMINDB"."REQUIREMENTPLANNABLELINK"          0 KB       0 rows
. . exported "WCADMINDB"."RESEARCHEDBY"                      0 KB       0 rows
. . exported "WCADMINDB"."RESOURCEASSIGNMENT"                0 KB       0 rows
. . exported "WCADMINDB"."RESOURCEASSIGNMENTLINK"            0 KB       0 rows
. . exported "WCADMINDB"."RESTORERECORD"                     0 KB       0 rows
. . exported "WCADMINDB"."RESULTSTRUCTFILTER"                0 KB       0 rows
. . exported "WCADMINDB"."RESULTSTRUCTFILTERRULE"            0 KB       0 rows
. . exported "WCADMINDB"."REVAULTSESSIONID"                  0 KB       0 rows
. . exported "WCADMINDB"."REVAULTURLSESSION"                 0 KB       0 rows
. . exported "WCADMINDB"."ROLEPOOLMAP"                       0 KB       0 rows
. . exported "WCADMINDB"."ROLERESOURCE"                      0 KB       0 rows
. . exported "WCADMINDB"."ROLEROLEMAP"                       0 KB       0 rows
. . exported "WCADMINDB"."RVSTREAMIDCOUNTER"                 0 KB       0 rows
. . exported "WCADMINDB"."R_MESSAGESTRUCT_TASK"              0 KB       0 rows
. . exported "WCADMINDB"."R_MSGSTRUCT_RECIPIENT_DELIVINF"      0 KB       0 rows
. . exported "WCADMINDB"."R_NEWSITEMS_NCOBJECTS"             0 KB       0 rows
. . exported "WCADMINDB"."R_TASKSCHEDULE_SCHEDULE"           0 KB       0 rows
. . exported "WCADMINDB"."SANDBOXBASELINE"                   0 KB       0 rows
. . exported "WCADMINDB"."SANDBOXCHECKINLINK"                0 KB       0 rows
. . exported "WCADMINDB"."SANDBOXCHECKOUTLINK"               0 KB       0 rows
. . exported "WCADMINDB"."SCHEDULERECORDLINK"                0 KB       0 rows
. . exported "WCADMINDB"."SCH_ENTRIES"                       0 KB       0 rows
. . exported "WCADMINDB"."SCMAPPLICATIONDATA"                0 KB       0 rows
. . exported "WCADMINDB"."SEARCHEVENTINFO"                   0 KB       0 rows
. . exported "WCADMINDB"."SECURITYLABELFILTER"               0 KB       0 rows
. . exported "WCADMINDB"."SEMANTICKEY"                       0 KB       0 rows
. . exported "WCADMINDB"."SERIALNUMBERMAPPING"               0 KB       0 rows
. . exported "WCADMINDB"."SHAREDCONTAINERMAP"                0 KB       0 rows
. . exported "WCADMINDB"."SHAREDLOCALTEAMLINK"               0 KB       0 rows
. . exported "WCADMINDB"."SHAREEVENTINFO"                    0 KB       0 rows
. . exported "WCADMINDB"."SHORTCUTLINK"                      0 KB       0 rows
. . exported "WCADMINDB"."SIGNATUREHISTORY"                  0 KB       0 rows
. . exported "WCADMINDB"."SIGNATURELINK"                     0 KB       0 rows
. . exported "WCADMINDB"."SIMPLENESTEDCOLLECTION"            0 KB       0 rows
. . exported "WCADMINDB"."SIMPLESTRUCTFILTERRULE"            0 KB       0 rows
. . exported "WCADMINDB"."SITEPROXIMITY"                     0 KB       0 rows
. . exported "WCADMINDB"."SLDOWNLOADACKEVENTINFO"            0 KB       0 rows
. . exported "WCADMINDB"."SOFTATTRIBUTEDEFINITION"           0 KB       0 rows
. . exported "WCADMINDB"."SOFTATTRIBUTEORGANIZER"            0 KB       0 rows
. . exported "WCADMINDB"."SOFTATTRIBUTEVALUE"                0 KB       0 rows
. . exported "WCADMINDB"."SPATIALSTRUCTFILTER"               0 KB       0 rows
. . exported "WCADMINDB"."SPATIALSTRUCTFILTERRULE"           0 KB       0 rows
. . exported "WCADMINDB"."STATECHANGEEVENT"                  0 KB       0 rows
. . exported "WCADMINDB"."STATUSCHANGEEVENT"                 0 KB       0 rows
. . exported "WCADMINDB"."STOPIFSIMPLIFIEDFILTER"            0 KB       0 rows
. . exported "WCADMINDB"."STREAMIDENTITY"                    0 KB       0 rows
. . exported "WCADMINDB"."STRUCTUREDANNOTATIONSET"           0 KB       0 rows
. . exported "WCADMINDB"."SUBJECTPRODUCT"                    0 KB       0 rows
. . exported "WCADMINDB"."SUMMARYACTIVITY"                   0 KB       0 rows
. . exported "WCADMINDB"."SUMMARYACTIVITYTEMPLATE"           0 KB       0 rows
. . exported "WCADMINDB"."SUPPORTINGDATAFOR"                 0 KB       0 rows
. . exported "WCADMINDB"."SYNCCONTENTMANIFEST"               0 KB       0 rows
. . exported "WCADMINDB"."SYNCINFO"                          0 KB       0 rows
. . exported "WCADMINDB"."TEAMDISTRIBUTIONLIST"              0 KB       0 rows
. . exported "WCADMINDB"."TECHNICALDATAPACKAGE"              0 KB       0 rows
. . exported "WCADMINDB"."TECHNICALDATAPACKAGEMASTER"        0 KB       0 rows
. . exported "WCADMINDB"."TEMPLATEDAGENDA"                   0 KB       0 rows
. . exported "WCADMINDB"."TEMPLATEDMINUTES"                  0 KB       0 rows
. . exported "WCADMINDB"."THEMARKUPTHEVIEWABLE"              0 KB       0 rows
. . exported "WCADMINDB"."TODOITEM"                          0 KB       0 rows
. . exported "WCADMINDB"."TRANSLATIONLINK"                   0 KB       0 rows
. . exported "WCADMINDB"."TRANSLATIONMASTERLINK"             0 KB       0 rows
. . exported "WCADMINDB"."TRANSPARENTOUTBOX"                 0 KB       0 rows
. . exported "WCADMINDB"."TYPECONTAINERCONSTRAINT"           0 KB       0 rows
. . exported "WCADMINDB"."TYPEFILTER"                        0 KB       0 rows
. . exported "WCADMINDB"."TYPESINGLEATTRCONSTRAINT"          0 KB       0 rows
. . exported "WCADMINDB"."UNITEXPORTRECORD"                  0 KB       0 rows
. . exported "WCADMINDB"."UNITIMPORTRECORD"                  0 KB       0 rows
. . exported "WCADMINDB"."UNITRECEIVERECORD"                 0 KB       0 rows
. . exported "WCADMINDB"."UNITSEEDLINK"                      0 KB       0 rows
. . exported "WCADMINDB"."UNITSENDRECORD"                    0 KB       0 rows
. . exported "WCADMINDB"."UNITVALUE"                         0 KB       0 rows
. . exported "WCADMINDB"."UPLOADEDCONTENTDATA"               0 KB       0 rows
. . exported "WCADMINDB"."UPLOADSTATUS"                      0 KB       0 rows
. . exported "WCADMINDB"."URLDATA"                           0 KB       0 rows
. . exported "WCADMINDB"."URLDEFINITION"                     0 KB       0 rows
. . exported "WCADMINDB"."URLVALUE"                          0 KB       0 rows
. . exported "WCADMINDB"."USESOCCURRENCEDOCUMENTATION"       0 KB       0 rows
. . exported "WCADMINDB"."USESOCCURRENCEUSERIBAS"            0 KB       0 rows
. . exported "WCADMINDB"."VARIANCEBLOCKEFFECTIVITY"          0 KB       0 rows
. . exported "WCADMINDB"."VARIANCEDATEEFFECTIVITY"           0 KB       0 rows
. . exported "WCADMINDB"."VARIANCELNEFFECTIVITY"             0 KB       0 rows
. . exported "WCADMINDB"."VARIANCEMSNEFFECTIVITY"            0 KB       0 rows
. . exported "WCADMINDB"."VARIANCESNEFFECTIVITY"             0 KB       0 rows
. . exported "WCADMINDB"."VARIANTSPEC"                       0 KB       0 rows
. . exported "WCADMINDB"."VARIANTSPECMASTER"                 0 KB       0 rows
. . exported "WCADMINDB"."VARIANTSPECMASTERKEY"              0 KB       0 rows
. . exported "WCADMINDB"."VARIANTSPECVARIANTLINK"            0 KB       0 rows
. . exported "WCADMINDB"."VARIANTSQUEUEENTRYINFO"            0 KB       0 rows
. . exported "WCADMINDB"."VERSIONEVENTINFO"                  0 KB       0 rows
. . exported "WCADMINDB"."VIEWREPRESENTATIONSEVENTINFO"      0 KB       0 rows
. . exported "WCADMINDB"."WCTK_AHF_EPMFTVALPK_ERRS"          0 KB       0 rows
. . exported "WCADMINDB"."WFADHOCACTIVITY"                   0 KB       0 rows
. . exported "WCADMINDB"."WFADHOCACTIVITYTEMPLATE"           0 KB       0 rows
. . exported "WCADMINDB"."WFAPPLICATIONROBOT"                0 KB       0 rows
. . exported "WCADMINDB"."WFAPPLROBOTTEMPLATE"               0 KB       0 rows
. . exported "WCADMINDB"."WFCREATEPROCESSEVENTAUDIT"         0 KB       0 rows
. . exported "WCADMINDB"."WFEXTERNALMETHOD"                  0 KB       0 rows
. . exported "WCADMINDB"."WFEXTERNALMETHODTEMPLATE"          0 KB       0 rows
. . exported "WCADMINDB"."WFFOLDEREDBOOKMARK"                0 KB       0 rows
. . exported "WCADMINDB"."WFPROCESSREQUESTER"                0 KB       0 rows
. . exported "WCADMINDB"."WFSTATEEVENTAUDIT"                 0 KB       0 rows
. . exported "WCADMINDB"."WFURLROBOT"                        0 KB       0 rows
. . exported "WCADMINDB"."WFURLROBOTTEMPLATE"                0 KB       0 rows
. . exported "WCADMINDB"."WORKFLOWVARIABLEEVENTINFO"         0 KB       0 rows
. . exported "WCADMINDB"."WORKSPACEMEMBERSTATUS"             0 KB       0 rows
. . exported "WCADMINDB"."WPSUCCESSORLINK"                   0 KB       0 rows
. . exported "WCADMINDB"."WTANALYSISACTIVITY"                0 KB       0 rows
. . exported "WCADMINDB"."WTANALYSISACTIVITYMASTER"          0 KB       0 rows
. . exported "WCADMINDB"."WTCHANGEDIRECTIVE"                 0 KB       0 rows
. . exported "WCADMINDB"."WTCHANGEINVESTIGATION"             0 KB       0 rows
. . exported "WCADMINDB"."WTCHANGEINVESTIGATIONMASTER"       0 KB       0 rows
. . exported "WCADMINDB"."WTCHANGEPROPOSAL"                  0 KB       0 rows
. . exported "WCADMINDB"."WTCHANGEPROPOSALMASTER"            0 KB       0 rows
. . exported "WCADMINDB"."WTDATEDEFFECTIVITY"                0 KB       0 rows
. . exported "WCADMINDB"."WTDOCUMENTUSAGELINK"               0 KB       0 rows
. . exported "WCADMINDB"."WTINCORPORATIONDATE"               0 KB       0 rows
. . exported "WCADMINDB"."WTLIBRARY"                         0 KB       0 rows
. . exported "WCADMINDB"."WTLOTEFFECTIVITY"                  0 KB       0 rows
. . exported "WCADMINDB"."WTMARKUP"                          0 KB       0 rows
. . exported "WCADMINDB"."WTMASTERPROCESS"                   0 KB       0 rows
. . exported "WCADMINDB"."WTMASTERPROCESSTEMPLATE"           0 KB       0 rows
. . exported "WCADMINDB"."WTMASTERPROCESSTOESITARGETLINK"      0 KB       0 rows
. . exported "WCADMINDB"."WTPARTALTERNATEHISTORY"            0 KB       0 rows
. . exported "WCADMINDB"."WTPARTALTERNATELINK"               0 KB       0 rows
. . exported "WCADMINDB"."WTPARTALTERNATEREP"                0 KB       0 rows
. . exported "WCADMINDB"."WTPARTALTERNATEREPMASTER"          0 KB       0 rows
. . exported "WCADMINDB"."WTPARTALTERNATEREPMASTERKEY"       0 KB       0 rows
. . exported "WCADMINDB"."WTPARTALTERNATEREPMEMBERLINK"      0 KB       0 rows
. . exported "WCADMINDB"."WTPARTDESCRIBELINK"                0 KB       0 rows
. . exported "WCADMINDB"."WTPARTSUBSTITUTELINK"              0 KB       0 rows
. . exported "WCADMINDB"."WTPIDESCRIBELINK"                  0 KB       0 rows
. . exported "WCADMINDB"."WTPIREFERENCELINK"                 0 KB       0 rows
. . exported "WCADMINDB"."WTPROCESSSTEP"                     0 KB       0 rows
. . exported "WCADMINDB"."WTPROCESSSTEPINSTANCE"             0 KB       0 rows
. . exported "WCADMINDB"."WTPROCESSSTEPTOPROCESSSTEPLINK"      0 KB       0 rows
. . exported "WCADMINDB"."WTPRODUCTCONFIGMASTER"             0 KB       0 rows
. . exported "WCADMINDB"."WTPRODUCTCONFIGURATION"            0 KB       0 rows
. . exported "WCADMINDB"."WTPRODUCTINSTANCE"                 0 KB       0 rows
. . exported "WCADMINDB"."WTPRODUCTINSTANCE2"                0 KB       0 rows
. . exported "WCADMINDB"."WTPRODUCTINSTANCEMASTER"           0 KB       0 rows
. . exported "WCADMINDB"."WTRNREQUEST"                       0 KB       0 rows
. . exported "WCADMINDB"."WTSERIALNUMBEREDEFFECTIVITY"       0 KB       0 rows
. . exported "WCADMINDB"."WTUNIT"                            0 KB       0 rows
. . exported "WCADMINDB"."WTUNITMASTER"                      0 KB       0 rows
. . exported "WCADMINDB"."WTUNITMASTERKEY"                   0 KB       0 rows
. . exported "WCADMINDB"."WTUPGINST_INCREMENTALUPDATE"       0 KB       0 rows
. . exported "WCADMINDB"."WTUPGINST_REPAIRTASK"              0 KB       0 rows
. . exported "WCADMINDB"."WTVARIANCE"                        0 KB       0 rows
. . exported "WCADMINDB"."WTVARIANCEMASTER"                  0 KB       0 rows
. . exported "WCADMINDB"."WTWORKSET"                         0 KB       0 rows
. . exported "WCADMINDB"."WTWORKSETCOMPONENTLINK"            0 KB       0 rows
. . exported "WCADMINDB"."WTWORKSETMASTER"                   0 KB       0 rows
. . exported "WCADMINDB"."WTWORKSETMASTERKEY"                0 KB       0 rows
. . exported "WCADMINDB"."WTWORKSETREFERENCELINK"            0 KB       0 rows
Master table "SYS"."SYS_EXPORT_SCHEMA_02" successfully loaded/unloaded
******************************************************************************
Dump file set for SYS.SYS_EXPORT_SCHEMA_02 is:
  /backup/logico/expdp_WCADMINDB_20141013.dmp
Job "SYS"."SYS_EXPORT_SCHEMA_02" successfully completed at 19:26:04


Export: Release 11.2.0.3.0 - Production on Mon Nov 24 14:54:01 2014

Copyright (c) 1982, 2011, Oracle and/or its affiliates.  All rights reserved.

Connected to: Oracle Database 11g Enterprise Edition Release 11.2.0.3.0 - 64bit Production
With the Partitioning, Real Application Clusters, Automatic Storage Management, OLAP,
Data Mining and Real Application Testing options
Starting "SYS"."SYS_EXPORT_SCHEMA_01":  "/******** AS SYSDBA" DIRECTORY=DUMP_DIR dumpfile=bruele03_atua_homol.dmp LOGFILE=bruele03_atua_homol.log schemas=BRUELE03 reuse_dumpfiles=y 
Estimate in progress using BLOCKS method...
Processing object type SCHEMA_EXPORT/TABLE/TABLE_DATA
Total estimation using BLOCKS method: 96.37 MB
Processing object type SCHEMA_EXPORT/USER
Processing object type SCHEMA_EXPORT/SYSTEM_GRANT
Processing object type SCHEMA_EXPORT/ROLE_GRANT
Processing object type SCHEMA_EXPORT/DEFAULT_ROLE
Processing object type SCHEMA_EXPORT/PRE_SCHEMA/PROCACT_SCHEMA
Processing object type SCHEMA_EXPORT/DB_LINK
Processing object type SCHEMA_EXPORT/SEQUENCE/SEQUENCE
Processing object type SCHEMA_EXPORT/TABLE/TABLE
Processing object type SCHEMA_EXPORT/TABLE/GRANT/OWNER_GRANT/OBJECT_GRANT
Processing object type SCHEMA_EXPORT/PROCEDURE/PROCEDURE
Processing object type SCHEMA_EXPORT/PROCEDURE/ALTER_PROCEDURE
Processing object type SCHEMA_EXPORT/TABLE/INDEX/INDEX
Processing object type SCHEMA_EXPORT/TABLE/CONSTRAINT/CONSTRAINT
Processing object type SCHEMA_EXPORT/TABLE/INDEX/STATISTICS/INDEX_STATISTICS
Processing object type SCHEMA_EXPORT/VIEW/VIEW
Processing object type SCHEMA_EXPORT/VIEW/GRANT/OWNER_GRANT/OBJECT_GRANT
Processing object type SCHEMA_EXPORT/TABLE/CONSTRAINT/REF_CONSTRAINT
Processing object type SCHEMA_EXPORT/TABLE/TRIGGER
Processing object type SCHEMA_EXPORT/TABLE/STATISTICS/TABLE_STATISTICS
. . exported "BRUELE03"."TB_LOGOPERACOES"                38.03 MB  447966 rows
. . exported "BRUELE03"."TB_APONTAMENTOHH"               7.682 MB   85834 rows
. . exported "BRUELE03"."TB_MATERIAL"                    8.014 MB   73911 rows
. . exported "BRUELE03"."TB_LOGMATERIAL"                 6.315 MB   53523 rows
. . exported "BRUELE03"."TB_ITEM_OP"                     4.267 MB   57954 rows
. . exported "BRUELE03"."TB_ITEM"                        2.536 MB   27201 rows
. . exported "BRUELE03"."TB_OP"                          1.262 MB    5195 rows
. . exported "BRUELE03"."TB_PLANODECORTE"                579.5 KB    6213 rows
. . exported "BRUELE03"."TB_RDC_FUNCIONARIO"             533.6 KB   45198 rows
. . exported "BRUELE03"."TB_REQUISICAO_MATERIAL"         507.9 KB    7389 rows
. . exported "BRUELE03"."TB_ANALISEOP"                   429.6 KB    9293 rows
. . exported "BRUELE03"."TB_DOCUMENTO"                   425.6 KB    6521 rows
. . exported "BRUELE03"."TB_OP_DOCUMENTO"                428.8 KB    6880 rows
. . exported "BRUELE03"."TB_RDC_SERVICO"                 339.6 KB   15401 rows
. . exported "BRUELE03"."TB_MATERIAL_FABITEM"            254.1 KB   12921 rows
. . exported "BRUELE03"."IUDFVALUE"                      178.6 KB    6638 rows
. . exported "BRUELE03"."TB_RDC"                         181.7 KB    4744 rows
. . exported "BRUELE03"."TB_EQUIPE_FUNCIONARIO"          9.109 KB     172 rows
. . exported "BRUELE03"."TB_FUNCIONARIO"                 153.7 KB    1055 rows
. . exported "BRUELE03"."TB_PROGRAMACAOOP"               78.52 KB    4528 rows
. . exported "BRUELE03"."TB_REQUISICAO"                  99.46 KB     834 rows
. . exported "BRUELE03"."TB_AVANCOOP"                    88.83 KB    1774 rows
. . exported "BRUELE03"."TB_BLOCO"                       13.71 KB     206 rows
. . exported "BRUELE03"."TB_CALENDARIO"                  56.46 KB    2922 rows
. . exported "BRUELE03"."TB_CCUSTO"                      15.21 KB     142 rows
. . exported "BRUELE03"."TB_EXECUTANTE"                  10.18 KB      22 rows
. . exported "BRUELE03"."TB_FERRAMENTAS"                 5.898 KB       2 rows
. . exported "BRUELE03"."TB_FICHA_QUALIFICACAO"          23.14 KB       1 rows
. . exported "BRUELE03"."TB_ITEMMEDICAO"                 12.32 KB       2 rows
. . exported "BRUELE03"."TB_ITEM_RASTREAVEL"             15.38 KB       1 rows
. . exported "BRUELE03"."TB_MEDICAO"                     7.976 KB       2 rows
. . exported "BRUELE03"."TB_NORMA_QUALIFICACAO"          5.460 KB       1 rows
. . exported "BRUELE03"."TB_PERFIL_USUARIO"              8.031 KB      85 rows
. . exported "BRUELE03"."TB_REGIAO"                      7.093 KB      36 rows
. . exported "BRUELE03"."TB_SERVICO"                     10.48 KB      85 rows
. . exported "BRUELE03"."TB_SITUACAOESPECIAL"            34.88 KB     484 rows
. . exported "BRUELE03"."TB_TIPOSERVICOFUNCIONARIO"      74.50 KB    1494 rows
. . exported "BRUELE03"."TB_TIPO_METAL"                  5.539 KB       9 rows
. . exported "BRUELE03"."TB_TIPO_PROCQUALIFICACAO"       5.476 KB       1 rows
. . exported "BRUELE03"."TB_UNIDADEMEDIDA"               11.07 KB     164 rows
. . exported "BRUELE03"."TB_USUARIO"                     11.58 KB      71 rows
. . exported "BRUELE03"."TB_USUARIO_DISCIPLINA"          46.91 KB    1279 rows
. . exported "BRUELE03"."TB_ALMOXARIFADO"                6.273 KB       1 rows
. . exported "BRUELE03"."TB_ATVRISCO"                    5.531 KB       4 rows
. . exported "BRUELE03"."TB_CATEGORIAMATERIAL"           9.210 KB      38 rows
. . exported "BRUELE03"."TB_CATEGORIA_SITESPECIAL"       5.968 KB      19 rows
. . exported "BRUELE03"."TB_CLASSIFICACAOMATERIAL"       5.671 KB      12 rows
. . exported "BRUELE03"."TB_COMPARTIMENTO"               12.21 KB     124 rows
. . exported "BRUELE03"."TB_CONSULTAGERAL"               32.05 KB      12 rows
. . exported "BRUELE03"."TB_DISCIPLINA"                  6.757 KB      19 rows
. . exported "BRUELE03"."TB_DISICIPLINA_TIPOOP"          6.476 KB      41 rows
. . exported "BRUELE03"."TB_EMPRESA"                     12.93 KB       2 rows
. . exported "BRUELE03"."TB_EQUIPE"                      7.468 KB       9 rows
. . exported "BRUELE03"."TB_ESTAGIOPALETE"               5.906 KB       7 rows
. . exported "BRUELE03"."TB_FERRAMENTA_FABITEM"          6.390 KB       1 rows
. . exported "BRUELE03"."TB_FOLHATAREFA"                 9.804 KB       3 rows
. . exported "BRUELE03"."TB_FUNCAO_FABITEM"              6.468 KB      38 rows
. . exported "BRUELE03"."TB_INSPECAO_ITEM"               8.125 KB       4 rows
. . exported "BRUELE03"."TB_ITEMPROJECAO"                11.41 KB      59 rows
. . exported "BRUELE03"."TB_ITEM_VOLSERVICO"             10.39 KB     166 rows
. . exported "BRUELE03"."TB_ITENS_NOTA"                  6.781 KB       3 rows
. . exported "BRUELE03"."TB_LOCAL"                       5.476 KB       2 rows
. . exported "BRUELE03"."TB_MENU"                        16.95 KB     189 rows
. . exported "BRUELE03"."TB_NOTAFISCAL"                  6.343 KB       3 rows
. . exported "BRUELE03"."TB_OP_ATVRISCO"                 14.09 KB     419 rows
. . exported "BRUELE03"."TB_PARAM"                       7.226 KB       2 rows
. . exported "BRUELE03"."TB_PEPSAP"                      8.421 KB      31 rows
. . exported "BRUELE03"."TB_PERFIL"                      5.523 KB       5 rows
. . exported "BRUELE03"."TB_PERFIL_MENU"                 19.51 KB     554 rows
. . exported "BRUELE03"."TB_PROGRAMACAO_CONTIGDIARIA"    6.570 KB      10 rows
. . exported "BRUELE03"."TB_PROJETO"                     11.46 KB       3 rows
. . exported "BRUELE03"."TB_PROJETO_EMPRESA"             5.484 KB       3 rows
. . exported "BRUELE03"."TB_RESULT_LAUDO"                6.765 KB       3 rows
. . exported "BRUELE03"."TB_SEMANA"                      7.125 KB      53 rows
. . exported "BRUELE03"."TB_SERVICO_TIPOITEM"            10.86 KB     144 rows
. . exported "BRUELE03"."TB_TIPOANALISEOP"               5.531 KB       5 rows
. . exported "BRUELE03"."TB_TIPOBLOCO"                   5.546 KB       5 rows
. . exported "BRUELE03"."TB_TIPOITEM"                    6.867 KB      23 rows
. . exported "BRUELE03"."TB_TIPOOP"                      6.843 KB      47 rows
. . exported "BRUELE03"."TB_TIPOPROCESSO"                6.171 KB      11 rows
. . exported "BRUELE03"."TB_TIPO_MATERIAL"               7.148 KB      44 rows
. . exported "BRUELE03"."TB_TPTRATAMENTO"                5.539 KB       5 rows
. . exported "BRUELE03"."TB_USUARIO_EMPRESA"             8.140 KB      74 rows
. . exported "BRUELE03"."TB_USUARIO_PROJETO"             9.609 KB     120 rows
. . exported "BRUELE03"."IMATERIAIS"                         0 KB       0 rows
. . exported "BRUELE03"."ITASK"                              0 KB       0 rows
. . exported "BRUELE03"."ITASKNOTE"                          0 KB       0 rows
. . exported "BRUELE03"."IUDFTYPE"                           0 KB       0 rows
. . exported "BRUELE03"."TB_ACESS_PERFIL"                    0 KB       0 rows
. . exported "BRUELE03"."TB_APLICACAO_ITEM"                  0 KB       0 rows
. . exported "BRUELE03"."TB_AREA"                            0 KB       0 rows
. . exported "BRUELE03"."TB_ARMAZENAGEM"                     0 KB       0 rows
. . exported "BRUELE03"."TB_AVISO"                           0 KB       0 rows
. . exported "BRUELE03"."TB_CASCO"                           0 KB       0 rows
. . exported "BRUELE03"."TB_CERTIFICADO"                     0 KB       0 rows
. . exported "BRUELE03"."TB_CERTIFICADO_SOLDADOR"            0 KB       0 rows
. . exported "BRUELE03"."TB_CONFIGAPHH"                      0 KB       0 rows
. . exported "BRUELE03"."TB_CORRENTE"                        0 KB       0 rows
. . exported "BRUELE03"."TB_CUSTO_FUNCIONARIO"               0 KB       0 rows
. . exported "BRUELE03"."TB_DEPOSITO"                        0 KB       0 rows
. . exported "BRUELE03"."TB_DEPTOPALETE"                     0 KB       0 rows
. . exported "BRUELE03"."TB_DETALHE_REQUISICAO"              0 KB       0 rows
. . exported "BRUELE03"."TB_EMPRESA_QUALIFICADORA"           0 KB       0 rows
. . exported "BRUELE03"."TB_EPS"                             0 KB       0 rows
. . exported "BRUELE03"."TB_EXTRATOFT"                       0 KB       0 rows
. . exported "BRUELE03"."TB_FAIXAPROCESSOS_CERTIFIC"         0 KB       0 rows
. . exported "BRUELE03"."TB_FERRAMENTA_FABTPITEM"            0 KB       0 rows
. . exported "BRUELE03"."TB_GAS_PROTECAO"                    0 KB       0 rows
. . exported "BRUELE03"."TB_GRUPOPALETE"                     0 KB       0 rows
. . exported "BRUELE03"."TB_ITEMEXTRATOFT"                   0 KB       0 rows
. . exported "BRUELE03"."TB_ITEM_MATERIAL"                   0 KB       0 rows
. . exported "BRUELE03"."TB_ITEM_SISTEMA_SUBSISTEMA"         0 KB       0 rows
. . exported "BRUELE03"."TB_LIMPEZA_INICIAL"                 0 KB       0 rows
. . exported "BRUELE03"."TB_LIMPEZA_INTERPASSE"              0 KB       0 rows
. . exported "BRUELE03"."TB_LISTA"                           0 KB       0 rows
. . exported "BRUELE03"."TB_LISTA_CERTIFICADO"               0 KB       0 rows
. . exported "BRUELE03"."TB_MATERIAL_FABTPITEM"              0 KB       0 rows
. . exported "BRUELE03"."TB_METAL_ADICAO"                    0 KB       0 rows
. . exported "BRUELE03"."TB_METAL_BASE"                      0 KB       0 rows
. . exported "BRUELE03"."TB_MODULO"                          0 KB       0 rows
. . exported "BRUELE03"."TB_MOVIMENTACAO"                    0 KB       0 rows
. . exported "BRUELE03"."TB_MOV_EQPFUN"                      0 KB       0 rows
. . exported "BRUELE03"."TB_NIVEL_QUALIFICACAO"              0 KB       0 rows
. . exported "BRUELE03"."TB_PALETE"                          0 KB       0 rows
. . exported "BRUELE03"."TB_PALETELIST"                      0 KB       0 rows
. . exported "BRUELE03"."TB_PERFIL_EXECUTANTE"               0 KB       0 rows
. . exported "BRUELE03"."TB_PILHA"                           0 KB       0 rows
. . exported "BRUELE03"."TB_POLARIDADE"                      0 KB       0 rows
. . exported "BRUELE03"."TB_POSICAO_SOLDAGEM"                0 KB       0 rows
. . exported "BRUELE03"."TB_PROCESSO_FICHA"                  0 KB       0 rows
. . exported "BRUELE03"."TB_PROCESSO_QUALIFICACAO"           0 KB       0 rows
. . exported "BRUELE03"."TB_PROGRESSAO_SOLDAGEM"             0 KB       0 rows
. . exported "BRUELE03"."TB_QUALIFICACAO_SERVICO"            0 KB       0 rows
. . exported "BRUELE03"."TB_REVISAO_EPS"                     0 KB       0 rows
. . exported "BRUELE03"."TB_SAIDA_ITEM"                      0 KB       0 rows
. . exported "BRUELE03"."TB_SISTEMA"                         0 KB       0 rows
. . exported "BRUELE03"."TB_SOLDADORES"                      0 KB       0 rows
. . exported "BRUELE03"."TB_SOLICITACAO"                     0 KB       0 rows
. . exported "BRUELE03"."TB_SUBSISTEMA"                      0 KB       0 rows
. . exported "BRUELE03"."TB_TAGMATERIAL"                     0 KB       0 rows
. . exported "BRUELE03"."TB_TIPO_CORRENTE"                   0 KB       0 rows
. . exported "BRUELE03"."TB_TIPO_MATERIALSOLDA"              0 KB       0 rows
Master table "SYS"."SYS_EXPORT_SCHEMA_01" successfully loaded/unloaded
******************************************************************************
Dump file set for SYS.SYS_EXPORT_SCHEMA_01 is:
  /u01/backup/logico/bruele03_atua_homol.dmp
Job "SYS"."SYS_EXPORT_SCHEMA_01" successfully completed at 14:57:06

